TN:
SF:src/App.jsx
FN:5,App
FNF:1
FNH:1
FNDA:3,App
DA:6,3
LF:1
LH:1
BRF:0
BRH:0
end_of_record
TN:
SF:src/components/index.js
FNF:0
FNH:0
LF:0
LH:0
BRF:0
BRH:0
end_of_record
TN:
SF:src/components/ShowAll/ShowAll.jsx
FN:6,(anonymous_0)
FN:26,(anonymous_1)
FNF:2
FNH:0
FNDA:0,(anonymous_0)
FNDA:0,(anonymous_1)
DA:6,1
DA:7,0
DA:27,0
DA:45,1
DA:49,1
LF:5
LH:3
BRF:0
BRH:0
end_of_record
TN:
SF:src/components/ShowAll/index.js
FNF:0
FNH:0
LF:0
LH:0
BRF:0
BRH:0
end_of_record
TN:
SF:src/components/ShowAllBusquedaMensual/ShowAllBusquedaMensual.jsx
FN:6,(anonymous_0)
FN:20,(anonymous_1)
FNF:2
FNH:0
FNDA:0,(anonymous_0)
FNDA:0,(anonymous_1)
DA:6,1
DA:7,0
DA:21,0
DA:33,1
DA:37,1
LF:5
LH:3
BRF:0
BRH:0
end_of_record
TN:
SF:src/components/ShowAllBusquedaMensual/index.js
FNF:0
FNH:0
LF:0
LH:0
BRF:0
BRH:0
end_of_record
TN:
SF:src/components/ShowAllCirugias/ShowAllCirugias.jsx
FN:6,(anonymous_0)
FN:22,(anonymous_1)
FNF:2
FNH:0
FNDA:0,(anonymous_0)
FNDA:0,(anonymous_1)
DA:6,1
DA:7,0
DA:23,0
DA:37,1
DA:41,1
LF:5
LH:3
BRF:0
BRH:0
end_of_record
TN:
SF:src/components/ShowAllCirugias/index.js
FNF:0
FNH:0
LF:0
LH:0
BRF:0
BRH:0
end_of_record
TN:
SF:src/components/ShowAllEnfermedadesMortales/ShowAllEnfermedadesMortales.jsx
FN:6,(anonymous_0)
FN:20,(anonymous_1)
FNF:2
FNH:0
FNDA:0,(anonymous_0)
FNDA:0,(anonymous_1)
DA:6,1
DA:7,0
DA:21,0
DA:33,1
DA:37,1
LF:5
LH:3
BRF:0
BRH:0
end_of_record
TN:
SF:src/components/ShowAllEnfermedadesMortales/index.js
FNF:0
FNH:0
LF:0
LH:0
BRF:0
BRH:0
end_of_record
TN:
SF:src/components/ShowAllExamenes/ShowAllExamenes.jsx
FN:6,(anonymous_0)
FN:20,(anonymous_1)
FNF:2
FNH:0
FNDA:0,(anonymous_0)
FNDA:0,(anonymous_1)
DA:6,1
DA:7,0
DA:21,0
DA:33,1
DA:37,1
LF:5
LH:3
BRF:0
BRH:0
end_of_record
TN:
SF:src/components/ShowAllExamenes/index.js
FNF:0
FNH:0
LF:0
LH:0
BRF:0
BRH:0
end_of_record
TN:
SF:src/components/ShowAllHospitalesMasPacientes/ShowAllHospitalesMasPacientes.jsx
FN:6,(anonymous_0)
FN:20,(anonymous_1)
FNF:2
FNH:0
FNDA:0,(anonymous_0)
FNDA:0,(anonymous_1)
DA:6,1
DA:7,0
DA:21,0
DA:33,1
DA:37,1
LF:5
LH:3
BRF:0
BRH:0
end_of_record
TN:
SF:src/components/ShowAllHospitalesMasPacientes/index.js
FNF:0
FNH:0
LF:0
LH:0
BRF:0
BRH:0
end_of_record
TN:
SF:src/components/ShowAllLugaresVisitados/ShowAllLugaresVisitados.jsx
FN:6,(anonymous_0)
FN:21,(anonymous_1)
FNF:2
FNH:0
FNDA:0,(anonymous_0)
FNDA:0,(anonymous_1)
DA:6,1
DA:7,0
DA:22,0
DA:35,1
DA:39,1
LF:5
LH:3
BRF:0
BRH:0
end_of_record
TN:
SF:src/components/ShowAllLugaresVisitados/index.js
FNF:0
FNH:0
LF:0
LH:0
BRF:0
BRH:0
end_of_record
TN:
SF:src/components/ShowAllMedicamentos/ShowAllMedicamentos.jsx
FN:6,(anonymous_0)
FN:21,(anonymous_1)
FNF:2
FNH:0
FNDA:0,(anonymous_0)
FNDA:0,(anonymous_1)
DA:6,1
DA:7,0
DA:22,0
DA:35,1
DA:39,1
LF:5
LH:3
BRF:0
BRH:0
end_of_record
TN:
SF:src/components/ShowAllMedicamentos/index.js
FNF:0
FNH:0
LF:0
LH:0
BRF:0
BRH:0
end_of_record
TN:
SF:src/components/ShowAllMedicosPaciente/ShowAllMedicosPaciente.jsx
FN:6,(anonymous_0)
FN:22,(anonymous_1)
FNF:2
FNH:0
FNDA:0,(anonymous_0)
FNDA:0,(anonymous_1)
DA:6,1
DA:7,0
DA:23,0
DA:37,1
DA:41,1
LF:5
LH:3
BRF:0
BRH:0
end_of_record
TN:
SF:src/components/ShowAllMedicosPaciente/index.js
FNF:0
FNH:0
LF:0
LH:0
BRF:0
BRH:0
end_of_record
TN:
SF:src/components/ShowAllPacientes/ShowAllPacientes.jsx
FN:6,(anonymous_0)
FN:30,(anonymous_1)
FNF:2
FNH:0
FNDA:0,(anonymous_0)
FNDA:0,(anonymous_1)
DA:6,1
DA:7,0
DA:31,0
DA:53,1
DA:57,1
LF:5
LH:3
BRF:0
BRH:0
end_of_record
TN:
SF:src/components/ShowAllPacientes/index.js
FNF:0
FNH:0
LF:0
LH:0
BRF:0
BRH:0
end_of_record
TN:
SF:src/components/ShowAllPacientesMasVisitas/ShowAllPacientesMasVisitas.jsx
FN:6,(anonymous_0)
FN:20,(anonymous_1)
FNF:2
FNH:0
FNDA:0,(anonymous_0)
FNDA:0,(anonymous_1)
DA:6,1
DA:7,0
DA:21,0
DA:33,1
DA:36,1
LF:5
LH:3
BRF:0
BRH:0
end_of_record
TN:
SF:src/components/ShowAllPacientesMasVisitas/index.js
FNF:0
FNH:0
LF:0
LH:0
BRF:0
BRH:0
end_of_record
TN:
SF:src/components/ShowAllTopMedicos/ShowAllTopMedicos.jsx
FN:6,(anonymous_0)
FN:21,(anonymous_1)
FNF:2
FNH:0
FNDA:0,(anonymous_0)
FNDA:0,(anonymous_1)
DA:6,1
DA:7,0
DA:22,0
DA:35,1
DA:39,1
LF:5
LH:3
BRF:0
BRH:0
end_of_record
TN:
SF:src/components/ShowAllTopMedicos/index.js
FNF:0
FNH:0
LF:0
LH:0
BRF:0
BRH:0
end_of_record
TN:
SF:src/components/ShowAllUsuarios/ShowAllUsuarios.jsx
FN:6,(anonymous_0)
FN:24,(anonymous_1)
FNF:2
FNH:0
FNDA:0,(anonymous_0)
FNDA:0,(anonymous_1)
DA:6,1
DA:7,0
DA:25,0
DA:41,1
DA:45,1
LF:5
LH:3
BRF:0
BRH:0
end_of_record
TN:
SF:src/components/ShowAllUsuarios/index.js
FNF:0
FNH:0
LF:0
LH:0
BRF:0
BRH:0
end_of_record
TN:
SF:src/components/ShowAllVisitas/ShowAllVisitas.jsx
FN:6,(anonymous_0)
FN:27,(anonymous_1)
FNF:2
FNH:0
FNDA:0,(anonymous_0)
FNDA:0,(anonymous_1)
DA:6,1
DA:7,0
DA:28,0
DA:47,1
DA:51,1
LF:5
LH:3
BRF:0
BRH:0
end_of_record
TN:
SF:src/components/ShowAllVisitas/index.js
FNF:0
FNH:0
LF:0
LH:0
BRF:0
BRH:0
end_of_record
TN:
SF:src/pages/index.jsx
FN:10,(anonymous_0)
FN:14,(anonymous_1)
FNF:2
FNH:1
FNDA:0,(anonymous_0)
FNDA:5,(anonymous_1)
DA:10,1
DA:11,0
DA:14,1
DA:17,5
LF:4
LH:3
BRF:0
BRH:0
end_of_record
TN:
SF:src/pages/BusquedaMensual/BusquedaMensual.jsx
FN:8,(anonymous_0)
FN:12,(anonymous_1)
FN:24,(anonymous_2)
FN:32,(anonymous_3)
FNF:4
FNH:4
FNDA:5,(anonymous_0)
FNDA:2,(anonymous_1)
FNDA:2,(anonymous_2)
FNDA:2,(anonymous_3)
DA:8,2
DA:9,5
DA:10,5
DA:12,5
DA:13,2
DA:14,2
DA:17,1
DA:19,1
DA:20,1
DA:24,5
DA:25,2
DA:26,2
DA:28,1
DA:32,5
DA:33,2
DA:34,2
DA:36,5
DA:47,2
DA:51,2
LF:19
LH:19
BRDA:42,0,0,2
BRDA:42,0,1,3
BRF:2
BRH:2
end_of_record
TN:
SF:src/pages/BusquedaMensual/index.js
FNF:0
FNH:0
LF:0
LH:0
BRF:0
BRH:0
end_of_record
TN:
SF:src/pages/Expediente/Expediente.jsx
FN:16,(anonymous_0)
FN:28,(anonymous_1)
FN:40,(anonymous_2)
FN:52,(anonymous_3)
FN:64,(anonymous_4)
FN:76,(anonymous_5)
FN:88,(anonymous_6)
FN:100,(anonymous_7)
FN:112,(anonymous_8)
FN:116,(anonymous_9)
FN:137,(anonymous_10)
FN:138,(anonymous_11)
FNF:12
FNH:12
FNDA:19,(anonymous_0)
FNDA:4,(anonymous_1)
FNDA:4,(anonymous_2)
FNDA:4,(anonymous_3)
FNDA:4,(anonymous_4)
FNDA:4,(anonymous_5)
FNDA:4,(anonymous_6)
FNDA:4,(anonymous_7)
FNDA:4,(anonymous_8)
FNDA:4,(anonymous_9)
FNDA:4,(anonymous_10)
FNDA:28,(anonymous_11)
DA:16,2
DA:17,19
DA:18,19
DA:19,19
DA:20,19
DA:21,19
DA:22,19
DA:23,19
DA:24,19
DA:25,19
DA:26,19
DA:28,19
DA:29,4
DA:30,4
DA:33,3
DA:35,1
DA:36,1
DA:40,19
DA:41,4
DA:42,4
DA:45,3
DA:47,1
DA:48,1
DA:52,19
DA:53,4
DA:54,4
DA:57,3
DA:59,1
DA:60,1
DA:64,19
DA:65,4
DA:66,4
DA:69,3
DA:71,1
DA:72,1
DA:76,19
DA:77,4
DA:78,4
DA:81,3
DA:83,1
DA:84,1
DA:88,19
DA:89,4
DA:90,4
DA:93,3
DA:95,1
DA:96,1
DA:100,19
DA:101,4
DA:102,4
DA:105,3
DA:107,1
DA:108,1
DA:112,19
DA:113,4
DA:116,19
DA:117,4
DA:118,4
DA:119,4
DA:129,4
DA:138,4
DA:139,28
DA:143,4
DA:144,4
DA:145,4
DA:146,4
DA:147,4
DA:148,4
DA:149,4
DA:151,4
DA:153,0
DA:154,0
DA:155,0
DA:159,19
LF:74
LH:71
BRDA:139,0,0,21
BRDA:139,0,1,7
BRDA:171,1,0,19
BRDA:171,1,1,0
BRDA:178,2,0,4
BRDA:178,2,1,15
BRDA:180,3,0,4
BRDA:180,3,1,15
BRDA:182,4,0,4
BRDA:182,4,1,15
BRDA:184,5,0,4
BRDA:184,5,1,15
BRDA:186,6,0,4
BRDA:186,6,1,15
BRDA:188,7,0,4
BRDA:188,7,1,15
BRDA:190,8,0,4
BRDA:190,8,1,15
BRF:18
BRH:17
end_of_record
TN:
SF:src/pages/Expediente/index.js
FNF:0
FNH:0
LF:0
LH:0
BRF:0
BRH:0
end_of_record
TN:
SF:src/pages/InterfazMedico/InterfazMedico.jsx
FN:8,(anonymous_0)
FN:15,(anonymous_1)
FN:20,(anonymous_2)
FNF:3
FNH:3
FNDA:17,(anonymous_0)
FNDA:2,(anonymous_1)
FNDA:5,(anonymous_2)
DA:8,2
DA:9,17
DA:10,17
DA:12,17
DA:13,17
DA:15,17
DA:16,2
DA:17,2
DA:20,17
DA:21,5
DA:22,5
DA:25,17
LF:12
LH:12
BRDA:32,0,0,12
BRDA:32,0,1,5
BRDA:35,1,0,5
BRDA:35,1,1,12
BRF:4
BRH:4
end_of_record
TN:
SF:src/pages/InterfazMedico/index.js
FNF:0
FNH:0
LF:0
LH:0
BRF:0
BRH:0
end_of_record
TN:
SF:src/pages/LogIn/LogIn.jsx
FN:6,(anonymous_0)
FN:10,(anonymous_1)
FNF:2
FNH:0
FNDA:0,(anonymous_0)
FNDA:0,(anonymous_1)
DA:6,1
DA:7,0
DA:8,0
DA:10,0
DA:11,0
DA:12,0
DA:14,0
DA:15,0
DA:17,0
DA:22,0
LF:10
LH:1
BRDA:11,0,0,0
BRDA:11,0,1,0
BRDA:11,1,0,0
BRDA:11,1,1,0
BRDA:14,2,0,0
BRDA:14,2,1,0
BRF:6
BRH:0
end_of_record
TN:
SF:src/pages/LogIn/index.js
FNF:0
FNH:0
LF:0
LH:0
BRF:0
BRH:0
end_of_record
TN:
SF:src/pages/Mantenimiento/Mantenimiento.jsx
FN:12,(anonymous_0)
FN:23,(anonymous_1)
FN:33,(anonymous_2)
FN:43,(anonymous_3)
FN:53,(anonymous_4)
FN:63,(anonymous_5)
FN:73,(anonymous_6)
FN:83,(anonymous_7)
FNF:8
FNH:1
FNDA:61,(anonymous_0)
FNDA:0,(anonymous_1)
FNDA:0,(anonymous_2)
FNDA:0,(anonymous_3)
FNDA:0,(anonymous_4)
FNDA:0,(anonymous_5)
FNDA:0,(anonymous_6)
FNDA:0,(anonymous_7)
DA:12,2
DA:13,61
DA:15,61
DA:16,60
DA:17,60
DA:18,60
DA:19,60
DA:20,60
DA:21,60
DA:23,60
DA:24,0
DA:25,0
DA:26,0
DA:27,0
DA:28,0
DA:29,0
DA:30,0
DA:33,60
DA:34,0
DA:35,0
DA:36,0
DA:37,0
DA:38,0
DA:39,0
DA:40,0
DA:43,60
DA:44,0
DA:45,0
DA:46,0
DA:47,0
DA:48,0
DA:49,0
DA:50,0
DA:53,60
DA:54,0
DA:55,0
DA:56,0
DA:57,0
DA:58,0
DA:59,0
DA:60,0
DA:63,60
DA:64,0
DA:65,0
DA:66,0
DA:67,0
DA:68,0
DA:69,0
DA:70,0
DA:73,60
DA:74,0
DA:75,0
DA:76,0
DA:77,0
DA:78,0
DA:79,0
DA:80,0
DA:83,60
DA:84,0
DA:85,0
DA:86,0
DA:87,0
DA:88,0
DA:89,0
DA:90,0
DA:93,60
LF:66
LH:17
BRDA:136,0,0,0
BRDA:136,0,1,0
BRDA:137,1,0,0
BRDA:137,1,1,0
BRDA:139,2,0,0
BRDA:139,2,1,0
BRDA:140,3,0,0
BRDA:140,3,1,0
BRDA:142,4,0,0
BRDA:142,4,1,0
BRDA:143,5,0,0
BRDA:143,5,1,0
BRDA:144,6,0,0
BRDA:144,6,1,0
BRF:14
BRH:0
end_of_record
TN:
SF:src/pages/Mantenimiento/index.js
FNF:0
FNH:0
LF:0
LH:0
BRF:0
BRH:0
end_of_record
TN:
SF:src/pages/MedicoAdd_mantenimiento/MedicoAdd_mantenimiento.jsx
FN:12,(anonymous_0)
FN:28,(anonymous_1)
FN:40,(anonymous_2)
FN:52,(anonymous_3)
FN:64,(anonymous_4)
FN:78,(anonymous_5)
FN:92,(anonymous_6)
FN:104,(anonymous_7)
FN:178,(anonymous_8)
FN:207,(anonymous_9)
FNF:10
FNH:9
FNDA:29,(anonymous_0)
FNDA:3,(anonymous_1)
FNDA:3,(anonymous_2)
FNDA:3,(anonymous_3)
FNDA:3,(anonymous_4)
FNDA:3,(anonymous_5)
FNDA:3,(anonymous_6)
FNDA:3,(anonymous_7)
FNDA:0,(anonymous_8)
FNDA:3,(anonymous_9)
DA:12,2
DA:13,29
DA:14,29
DA:15,29
DA:16,29
DA:17,29
DA:18,29
DA:21,29
DA:22,29
DA:23,29
DA:24,29
DA:25,29
DA:26,29
DA:28,29
DA:29,3
DA:30,3
DA:33,3
DA:34,1
DA:36,2
DA:40,29
DA:41,3
DA:42,3
DA:45,3
DA:46,1
DA:48,2
DA:52,29
DA:53,3
DA:54,3
DA:57,3
DA:58,1
DA:60,2
DA:64,29
DA:65,3
DA:66,3
DA:69,3
DA:70,0
DA:71,3
DA:72,1
DA:74,2
DA:78,29
DA:79,3
DA:80,3
DA:83,3
DA:84,0
DA:85,3
DA:86,1
DA:88,2
DA:92,29
DA:93,3
DA:94,3
DA:97,3
DA:98,1
DA:100,2
DA:104,29
DA:105,3
DA:107,3
DA:114,3
DA:115,1
DA:119,2
DA:126,2
DA:127,0
DA:131,2
DA:136,2
DA:137,0
DA:141,2
DA:147,2
DA:148,0
DA:152,2
DA:158,2
DA:159,0
DA:163,2
DA:170,2
DA:171,0
DA:175,2
DA:179,0
DA:183,2
DA:184,0
DA:189,2
DA:201,1
DA:203,2
DA:207,29
DA:208,3
DA:209,3
DA:210,1
DA:213,1
DA:214,1
DA:215,1
DA:216,1
DA:217,1
DA:218,1
DA:221,1
DA:222,1
DA:223,1
DA:224,1
DA:225,1
DA:226,1
DA:228,2
DA:232,29
DA:335,2
DA:339,2
LF:100
LH:91
BRDA:33,0,0,1
BRDA:33,0,1,2
BRDA:45,1,0,1
BRDA:45,1,1,2
BRDA:57,2,0,1
BRDA:57,2,1,2
BRDA:69,3,0,0
BRDA:69,3,1,3
BRDA:71,4,0,1
BRDA:71,4,1,2
BRDA:83,5,0,0
BRDA:83,5,1,3
BRDA:85,6,0,1
BRDA:85,6,1,2
BRDA:97,7,0,1
BRDA:97,7,1,2
BRDA:114,8,0,1
BRDA:114,8,1,2
BRDA:126,9,0,0
BRDA:126,9,1,2
BRDA:136,10,0,0
BRDA:136,10,1,2
BRDA:147,11,0,0
BRDA:147,11,1,2
BRDA:158,12,0,0
BRDA:158,12,1,2
BRDA:170,13,0,0
BRDA:170,13,1,2
BRDA:179,14,0,0
BRDA:179,14,1,0
BRDA:183,15,0,0
BRDA:183,15,1,2
BRDA:185,16,0,0
BRDA:185,16,1,0
BRDA:203,17,0,2
BRDA:203,17,1,0
BRDA:241,18,0,1
BRDA:241,18,1,28
BRDA:243,19,0,29
BRDA:243,19,1,1
BRDA:255,20,0,1
BRDA:255,20,1,28
BRDA:257,21,0,29
BRDA:257,21,1,1
BRDA:269,22,0,1
BRDA:269,22,1,28
BRDA:271,23,0,29
BRDA:271,23,1,1
BRDA:284,24,0,1
BRDA:284,24,1,28
BRDA:286,25,0,29
BRDA:286,25,1,1
BRDA:299,26,0,1
BRDA:299,26,1,28
BRDA:301,27,0,29
BRDA:301,27,1,1
BRDA:315,28,0,1
BRDA:315,28,1,28
BRDA:317,29,0,29
BRDA:317,29,1,1
BRF:60
BRH:47
end_of_record
TN:
SF:src/pages/MedicoAdd_mantenimiento/index.js
FNF:0
FNH:0
LF:0
LH:0
BRF:0
BRH:0
end_of_record
TN:
SF:src/pages/MedicoUpdate_mantenimiento/MedicoUpdate_mantenimiento.jsx
FN:12,(anonymous_0)
FN:21,(anonymous_1)
FN:35,(anonymous_2)
FN:47,(anonymous_3)
FN:67,(anonymous_4)
FN:71,(anonymous_5)
FN:108,(anonymous_6)
FN:118,(anonymous_7)
FN:155,(anonymous_8)
FN:165,(anonymous_9)
FN:202,(anonymous_10)
FN:212,(anonymous_11)
FN:248,(anonymous_12)
FN:258,(anonymous_13)
FN:295,(anonymous_14)
FN:305,(anonymous_15)
FNF:16
FNH:16
FNDA:33,(anonymous_0)
FNDA:6,(anonymous_1)
FNDA:6,(anonymous_2)
FNDA:13,(anonymous_3)
FNDA:13,(anonymous_4)
FNDA:1,(anonymous_5)
FNDA:1,(anonymous_6)
FNDA:1,(anonymous_7)
FNDA:1,(anonymous_8)
FNDA:1,(anonymous_9)
FNDA:1,(anonymous_10)
FNDA:1,(anonymous_11)
FNDA:1,(anonymous_12)
FNDA:1,(anonymous_13)
FNDA:1,(anonymous_14)
FNDA:9,(anonymous_15)
DA:12,2
DA:13,33
DA:14,33
DA:15,33
DA:18,33
DA:19,33
DA:21,33
DA:22,6
DA:23,6
DA:26,6
DA:27,0
DA:28,6
DA:29,1
DA:31,5
DA:35,33
DA:36,6
DA:37,6
DA:40,6
DA:41,1
DA:43,5
DA:47,33
DA:48,13
DA:49,13
DA:54,13
DA:55,0
DA:58,13
DA:61,12
DA:63,0
DA:67,33
DA:68,13
DA:71,33
DA:72,1
DA:74,1
DA:80,1
DA:81,0
DA:85,1
DA:92,1
DA:93,0
DA:96,1
DA:102,1
DA:104,0
DA:108,33
DA:109,1
DA:110,1
DA:111,1
DA:112,1
DA:114,0
DA:118,33
DA:119,1
DA:121,1
DA:127,1
DA:128,0
DA:132,1
DA:139,1
DA:140,0
DA:143,1
DA:149,1
DA:151,0
DA:155,33
DA:156,1
DA:157,1
DA:158,1
DA:159,1
DA:161,0
DA:165,33
DA:166,1
DA:168,1
DA:174,1
DA:175,0
DA:179,1
DA:186,1
DA:187,0
DA:190,1
DA:196,0
DA:198,1
DA:202,33
DA:203,1
DA:204,1
DA:205,0
DA:206,0
DA:208,1
DA:212,33
DA:213,1
DA:215,1
DA:221,1
DA:222,0
DA:226,1
DA:232,1
DA:233,0
DA:236,1
DA:242,1
DA:244,0
DA:248,33
DA:249,1
DA:250,1
DA:251,1
DA:252,1
DA:254,0
DA:258,33
DA:259,1
DA:261,1
DA:267,1
DA:268,0
DA:272,1
DA:279,1
DA:280,0
DA:283,1
DA:289,1
DA:291,0
DA:295,33
DA:296,1
DA:297,1
DA:298,1
DA:299,1
DA:301,0
DA:305,33
DA:306,9
DA:309,33
DA:310,9
DA:313,24
DA:447,2
DA:451,2
LF:122
LH:98
BRDA:26,0,0,0
BRDA:26,0,1,6
BRDA:28,1,0,1
BRDA:28,1,1,5
BRDA:40,2,0,1
BRDA:40,2,1,5
BRDA:54,3,0,0
BRDA:54,3,1,13
BRDA:63,4,0,0
BRDA:63,4,1,0
BRDA:80,5,0,0
BRDA:80,5,1,1
BRDA:92,6,0,0
BRDA:92,6,1,1
BRDA:104,7,0,0
BRDA:104,7,1,0
BRDA:127,8,0,0
BRDA:127,8,1,1
BRDA:139,9,0,0
BRDA:139,9,1,1
BRDA:151,10,0,0
BRDA:151,10,1,0
BRDA:174,11,0,0
BRDA:174,11,1,1
BRDA:186,12,0,0
BRDA:186,12,1,1
BRDA:198,13,0,1
BRDA:198,13,1,0
BRDA:221,14,0,0
BRDA:221,14,1,1
BRDA:232,15,0,0
BRDA:232,15,1,1
BRDA:244,16,0,0
BRDA:244,16,1,0
BRDA:267,17,0,0
BRDA:267,17,1,1
BRDA:279,18,0,0
BRDA:279,18,1,1
BRDA:291,19,0,0
BRDA:291,19,1,0
BRDA:309,20,0,9
BRDA:309,20,1,24
BRDA:326,21,0,1
BRDA:326,21,1,23
BRDA:328,22,0,24
BRDA:328,22,1,1
BRDA:342,23,0,1
BRDA:342,23,1,23
BRDA:344,24,0,24
BRDA:344,24,1,1
BRDA:360,25,0,1
BRDA:360,25,1,23
BRDA:362,26,0,24
BRDA:362,26,1,1
BRDA:378,27,0,1
BRDA:378,27,1,23
BRDA:380,28,0,24
BRDA:380,28,1,1
BRDA:397,29,0,1
BRDA:397,29,1,23
BRDA:399,30,0,24
BRDA:399,30,1,1
BRDA:415,31,0,1
BRDA:415,31,1,23
BRDA:417,32,0,24
BRDA:417,32,1,1
BRF:66
BRH:43
end_of_record
TN:
SF:src/pages/MedicoUpdate_mantenimiento/index.js
FNF:0
FNH:0
LF:0
LH:0
BRF:0
BRH:0
end_of_record
TN:
SF:src/pages/PacienteAdd_mantenimiento/PacienteAdd_mantenimiento.jsx
FN:11,(anonymous_0)
FN:37,(anonymous_1)
FN:49,(anonymous_2)
FN:61,(anonymous_3)
FN:73,(anonymous_4)
FN:85,(anonymous_5)
FN:99,(anonymous_6)
FN:113,(anonymous_7)
FN:127,(anonymous_8)
FN:139,(anonymous_9)
FN:151,(anonymous_10)
FN:163,(anonymous_11)
FN:175,(anonymous_12)
FN:226,(anonymous_13)
FN:241,(anonymous_14)
FN:256,(anonymous_15)
FN:332,(anonymous_16)
FNF:17
FNH:14
FNDA:85,(anonymous_0)
FNDA:6,(anonymous_1)
FNDA:4,(anonymous_2)
FNDA:4,(anonymous_3)
FNDA:7,(anonymous_4)
FNDA:6,(anonymous_5)
FNDA:6,(anonymous_6)
FNDA:6,(anonymous_7)
FNDA:4,(anonymous_8)
FNDA:4,(anonymous_9)
FNDA:4,(anonymous_10)
FNDA:7,(anonymous_11)
FNDA:4,(anonymous_12)
FNDA:0,(anonymous_13)
FNDA:0,(anonymous_14)
FNDA:0,(anonymous_15)
FNDA:4,(anonymous_16)
DA:11,2
DA:12,85
DA:13,85
DA:14,85
DA:15,85
DA:16,85
DA:17,85
DA:18,85
DA:19,85
DA:20,85
DA:21,85
DA:22,85
DA:25,85
DA:26,85
DA:27,85
DA:28,85
DA:29,85
DA:30,85
DA:31,85
DA:32,85
DA:33,85
DA:34,85
DA:35,85
DA:37,85
DA:38,6
DA:39,6
DA:42,6
DA:43,2
DA:45,4
DA:49,85
DA:50,4
DA:51,4
DA:54,4
DA:55,1
DA:57,3
DA:61,85
DA:62,4
DA:63,4
DA:66,4
DA:67,1
DA:69,3
DA:73,85
DA:74,7
DA:75,7
DA:78,7
DA:79,5
DA:81,2
DA:85,85
DA:86,6
DA:87,6
DA:90,6
DA:91,1
DA:92,5
DA:93,2
DA:95,3
DA:99,85
DA:100,6
DA:101,6
DA:104,6
DA:105,1
DA:106,5
DA:107,2
DA:109,3
DA:113,85
DA:114,6
DA:115,6
DA:118,6
DA:119,1
DA:120,5
DA:121,2
DA:123,3
DA:127,85
DA:128,4
DA:129,4
DA:132,4
DA:133,1
DA:135,3
DA:139,85
DA:140,4
DA:141,4
DA:144,4
DA:145,1
DA:147,3
DA:151,85
DA:152,4
DA:153,4
DA:156,4
DA:157,1
DA:159,3
DA:163,85
DA:164,7
DA:165,7
DA:168,7
DA:169,5
DA:171,2
DA:175,85
DA:176,4
DA:178,4
DA:185,4
DA:186,1
DA:190,3
DA:197,3
DA:198,0
DA:202,3
DA:208,3
DA:209,0
DA:213,3
DA:218,3
DA:219,0
DA:223,3
DA:227,0
DA:231,3
DA:232,0
DA:238,3
DA:242,0
DA:246,3
DA:247,0
DA:253,3
DA:257,0
DA:261,3
DA:262,0
DA:268,3
DA:273,3
DA:274,0
DA:278,3
DA:283,3
DA:284,0
DA:288,3
DA:295,3
DA:296,0
DA:300,3
DA:306,3
DA:307,0
DA:310,3
DA:326,2
DA:328,2
DA:332,85
DA:333,4
DA:334,4
DA:335,2
DA:338,2
DA:339,2
DA:340,2
DA:341,2
DA:342,2
DA:343,2
DA:344,2
DA:345,2
DA:346,2
DA:347,2
DA:348,2
DA:351,2
DA:352,2
DA:353,2
DA:354,2
DA:355,2
DA:356,2
DA:357,2
DA:358,2
DA:359,2
DA:360,2
DA:361,2
DA:363,2
DA:367,85
LF:164
LH:151
BRDA:42,0,0,2
BRDA:42,0,1,4
BRDA:54,1,0,1
BRDA:54,1,1,3
BRDA:66,2,0,1
BRDA:66,2,1,3
BRDA:78,3,0,5
BRDA:78,3,1,2
BRDA:78,4,0,7
BRDA:78,4,1,6
BRDA:90,5,0,1
BRDA:90,5,1,5
BRDA:92,6,0,2
BRDA:92,6,1,3
BRDA:92,7,0,5
BRDA:92,7,1,5
BRDA:104,8,0,1
BRDA:104,8,1,5
BRDA:106,9,0,2
BRDA:106,9,1,3
BRDA:106,10,0,5
BRDA:106,10,1,5
BRDA:118,11,0,1
BRDA:118,11,1,5
BRDA:120,12,0,2
BRDA:120,12,1,3
BRDA:120,13,0,5
BRDA:120,13,1,5
BRDA:132,14,0,1
BRDA:132,14,1,3
BRDA:144,15,0,1
BRDA:144,15,1,3
BRDA:156,16,0,1
BRDA:156,16,1,3
BRDA:168,17,0,5
BRDA:168,17,1,2
BRDA:168,18,0,7
BRDA:168,18,1,6
BRDA:185,19,0,1
BRDA:185,19,1,3
BRDA:197,20,0,0
BRDA:197,20,1,3
BRDA:208,21,0,0
BRDA:208,21,1,3
BRDA:218,22,0,0
BRDA:218,22,1,3
BRDA:227,23,0,0
BRDA:227,23,1,0
BRDA:231,24,0,0
BRDA:231,24,1,3
BRDA:233,25,0,0
BRDA:233,25,1,0
BRDA:242,26,0,0
BRDA:242,26,1,0
BRDA:246,27,0,0
BRDA:246,27,1,3
BRDA:248,28,0,0
BRDA:248,28,1,0
BRDA:257,29,0,0
BRDA:257,29,1,0
BRDA:261,30,0,0
BRDA:261,30,1,3
BRDA:263,31,0,0
BRDA:263,31,1,0
BRDA:273,32,0,0
BRDA:273,32,1,3
BRDA:283,33,0,0
BRDA:283,33,1,3
BRDA:295,34,0,0
BRDA:295,34,1,3
BRDA:306,35,0,0
BRDA:306,35,1,3
BRDA:328,36,0,2
BRDA:328,36,1,0
BRDA:376,37,0,2
BRDA:376,37,1,83
BRDA:378,38,0,85
BRDA:378,38,1,2
BRDA:390,39,0,1
BRDA:390,39,1,84
BRDA:392,40,0,85
BRDA:392,40,1,1
BRDA:404,41,0,1
BRDA:404,41,1,84
BRDA:406,42,0,85
BRDA:406,42,1,1
BRDA:419,43,0,2
BRDA:419,43,1,83
BRDA:421,44,0,85
BRDA:421,44,1,2
BRDA:435,45,0,2
BRDA:435,45,1,83
BRDA:437,46,0,85
BRDA:437,46,1,2
BRDA:451,47,0,2
BRDA:451,47,1,83
BRDA:453,48,0,85
BRDA:453,48,1,2
BRDA:467,49,0,2
BRDA:467,49,1,83
BRDA:469,50,0,85
BRDA:469,50,1,2
BRDA:481,51,0,1
BRDA:481,51,1,84
BRDA:483,52,0,85
BRDA:483,52,1,1
BRDA:497,53,0,1
BRDA:497,53,1,84
BRDA:499,54,0,85
BRDA:499,54,1,1
BRDA:511,55,0,1
BRDA:511,55,1,84
BRDA:513,56,0,85
BRDA:513,56,1,1
BRDA:526,57,0,2
BRDA:526,57,1,83
BRDA:528,58,0,85
BRDA:528,58,1,2
BRF:118
BRH:95
end_of_record
TN:
SF:src/pages/PacienteAdd_mantenimiento/index.js
FNF:0
FNH:0
LF:0
LH:0
BRF:0
BRH:0
end_of_record
TN:
SF:src/pages/PacienteUpdate_mantenimiento/PacienteUpdate_mantenimiento.jsx
FN:8,(anonymous_0)
FN:15,(anonymous_1)
FN:29,(anonymous_2)
FN:41,(anonymous_3)
FN:52,(anonymous_4)
FN:56,(anonymous_5)
FN:93,(anonymous_6)
FN:103,(anonymous_7)
FN:140,(anonymous_8)
FN:150,(anonymous_9)
FN:185,(anonymous_10)
FN:195,(anonymous_11)
FN:231,(anonymous_12)
FN:241,(anonymous_13)
FN:258,(anonymous_14)
FN:279,(anonymous_15)
FN:289,(anonymous_16)
FN:306,(anonymous_17)
FN:329,(anonymous_18)
FN:339,(anonymous_19)
FN:356,(anonymous_20)
FN:377,(anonymous_21)
FN:387,(anonymous_22)
FN:422,(anonymous_23)
FN:432,(anonymous_24)
FN:467,(anonymous_25)
FN:477,(anonymous_26)
FN:514,(anonymous_27)
FN:524,(anonymous_28)
FNF:29
FNH:26
FNDA:81,(anonymous_0)
FNDA:16,(anonymous_1)
FNDA:14,(anonymous_2)
FNDA:31,(anonymous_3)
FNDA:31,(anonymous_4)
FNDA:2,(anonymous_5)
FNDA:2,(anonymous_6)
FNDA:1,(anonymous_7)
FNDA:1,(anonymous_8)
FNDA:1,(anonymous_9)
FNDA:1,(anonymous_10)
FNDA:1,(anonymous_11)
FNDA:1,(anonymous_12)
FNDA:1,(anonymous_13)
FNDA:0,(anonymous_14)
FNDA:1,(anonymous_15)
FNDA:1,(anonymous_16)
FNDA:0,(anonymous_17)
FNDA:1,(anonymous_18)
FNDA:1,(anonymous_19)
FNDA:0,(anonymous_20)
FNDA:1,(anonymous_21)
FNDA:1,(anonymous_22)
FNDA:1,(anonymous_23)
FNDA:1,(anonymous_24)
FNDA:1,(anonymous_25)
FNDA:1,(anonymous_26)
FNDA:1,(anonymous_27)
FNDA:21,(anonymous_28)
DA:8,2
DA:9,81
DA:10,81
DA:11,81
DA:12,81
DA:13,81
DA:15,81
DA:16,16
DA:17,16
DA:20,16
DA:21,1
DA:22,15
DA:23,3
DA:25,12
DA:29,81
DA:30,14
DA:31,14
DA:34,14
DA:35,2
DA:37,12
DA:41,81
DA:42,31
DA:43,31
DA:46,30
DA:48,0
DA:52,81
DA:53,31
DA:56,81
DA:57,2
DA:59,2
DA:65,2
DA:66,0
DA:70,2
DA:77,2
DA:78,0
DA:81,2
DA:87,1
DA:89,1
DA:93,81
DA:94,2
DA:95,2
DA:96,1
DA:97,1
DA:99,1
DA:103,81
DA:104,1
DA:106,1
DA:112,1
DA:113,0
DA:117,1
DA:124,1
DA:125,0
DA:128,1
DA:134,1
DA:136,0
DA:140,81
DA:141,1
DA:142,1
DA:143,1
DA:144,1
DA:146,0
DA:150,81
DA:151,1
DA:153,1
DA:159,1
DA:160,0
DA:164,1
DA:169,1
DA:170,0
DA:173,1
DA:179,1
DA:181,0
DA:185,81
DA:186,1
DA:187,1
DA:188,1
DA:189,1
DA:191,0
DA:195,81
DA:196,1
DA:198,1
DA:204,1
DA:205,0
DA:209,1
DA:215,1
DA:216,0
DA:219,1
DA:225,1
DA:227,0
DA:231,81
DA:232,1
DA:233,1
DA:234,1
DA:235,1
DA:237,0
DA:241,81
DA:242,1
DA:244,1
DA:250,1
DA:251,0
DA:255,1
DA:259,0
DA:263,1
DA:264,0
DA:267,1
DA:273,1
DA:275,0
DA:279,81
DA:280,1
DA:281,1
DA:282,1
DA:283,1
DA:285,0
DA:289,81
DA:290,1
DA:292,1
DA:298,1
DA:299,0
DA:303,1
DA:307,0
DA:311,1
DA:312,0
DA:317,1
DA:323,1
DA:325,0
DA:329,81
DA:330,1
DA:331,1
DA:332,1
DA:333,1
DA:335,0
DA:339,81
DA:340,1
DA:342,1
DA:348,1
DA:349,0
DA:353,1
DA:357,0
DA:361,1
DA:362,0
DA:365,1
DA:371,1
DA:373,0
DA:377,81
DA:378,1
DA:379,1
DA:380,1
DA:381,1
DA:383,0
DA:387,81
DA:388,1
DA:390,1
DA:396,1
DA:397,0
DA:401,1
DA:406,1
DA:407,0
DA:410,1
DA:416,1
DA:418,0
DA:422,81
DA:423,1
DA:424,1
DA:425,1
DA:426,1
DA:428,0
DA:432,81
DA:433,1
DA:435,1
DA:441,1
DA:442,0
DA:446,1
DA:451,1
DA:452,0
DA:455,1
DA:461,1
DA:463,0
DA:467,81
DA:468,1
DA:469,1
DA:470,1
DA:471,1
DA:473,0
DA:477,81
DA:478,1
DA:480,1
DA:486,1
DA:487,0
DA:491,1
DA:498,1
DA:499,0
DA:502,1
DA:508,1
DA:510,0
DA:514,81
DA:515,1
DA:516,1
DA:517,1
DA:518,1
DA:520,0
DA:524,81
DA:525,21
DA:528,81
DA:529,21
DA:532,60
LF:205
LH:163
BRDA:20,0,0,1
BRDA:20,0,1,15
BRDA:22,1,0,3
BRDA:22,1,1,12
BRDA:34,2,0,2
BRDA:34,2,1,12
BRDA:48,3,0,0
BRDA:48,3,1,0
BRDA:65,4,0,0
BRDA:65,4,1,2
BRDA:77,5,0,0
BRDA:77,5,1,2
BRDA:89,6,0,1
BRDA:89,6,1,0
BRDA:112,7,0,0
BRDA:112,7,1,1
BRDA:124,8,0,0
BRDA:124,8,1,1
BRDA:136,9,0,0
BRDA:136,9,1,0
BRDA:159,10,0,0
BRDA:159,10,1,1
BRDA:169,11,0,0
BRDA:169,11,1,1
BRDA:181,12,0,0
BRDA:181,12,1,0
BRDA:204,13,0,0
BRDA:204,13,1,1
BRDA:215,14,0,0
BRDA:215,14,1,1
BRDA:227,15,0,0
BRDA:227,15,1,0
BRDA:250,16,0,0
BRDA:250,16,1,1
BRDA:259,17,0,0
BRDA:259,17,1,0
BRDA:263,18,0,0
BRDA:263,18,1,1
BRDA:264,19,0,0
BRDA:264,19,1,0
BRDA:275,20,0,0
BRDA:275,20,1,0
BRDA:298,21,0,0
BRDA:298,21,1,1
BRDA:307,22,0,0
BRDA:307,22,1,0
BRDA:311,23,0,0
BRDA:311,23,1,1
BRDA:313,24,0,0
BRDA:313,24,1,0
BRDA:325,25,0,0
BRDA:325,25,1,0
BRDA:348,26,0,0
BRDA:348,26,1,1
BRDA:357,27,0,0
BRDA:357,27,1,0
BRDA:361,28,0,0
BRDA:361,28,1,1
BRDA:362,29,0,0
BRDA:362,29,1,0
BRDA:373,30,0,0
BRDA:373,30,1,0
BRDA:396,31,0,0
BRDA:396,31,1,1
BRDA:406,32,0,0
BRDA:406,32,1,1
BRDA:418,33,0,0
BRDA:418,33,1,0
BRDA:441,34,0,0
BRDA:441,34,1,1
BRDA:451,35,0,0
BRDA:451,35,1,1
BRDA:463,36,0,0
BRDA:463,36,1,0
BRDA:486,37,0,0
BRDA:486,37,1,1
BRDA:498,38,0,0
BRDA:498,38,1,1
BRDA:510,39,0,0
BRDA:510,39,1,0
BRDA:528,40,0,21
BRDA:528,40,1,60
BRDA:543,41,0,3
BRDA:543,41,1,57
BRDA:545,42,0,60
BRDA:545,42,1,3
BRDA:558,43,0,2
BRDA:558,43,1,58
BRDA:560,44,0,60
BRDA:560,44,1,2
BRDA:576,45,0,2
BRDA:576,45,1,58
BRDA:578,46,0,60
BRDA:578,46,1,2
BRDA:594,47,0,2
BRDA:594,47,1,58
BRDA:596,48,0,60
BRDA:596,48,1,2
BRDA:613,49,0,2
BRDA:613,49,1,58
BRDA:615,50,0,60
BRDA:615,50,1,2
BRDA:633,51,0,2
BRDA:633,51,1,58
BRDA:635,52,0,60
BRDA:635,52,1,2
BRDA:653,53,0,2
BRDA:653,53,1,58
BRDA:655,54,0,60
BRDA:655,54,1,2
BRDA:673,55,0,2
BRDA:673,55,1,58
BRDA:675,56,0,60
BRDA:675,56,1,2
BRDA:691,57,0,2
BRDA:691,57,1,58
BRDA:693,58,0,60
BRDA:693,58,1,2
BRDA:709,59,0,2
BRDA:709,59,1,58
BRDA:711,60,0,60
BRDA:711,60,1,2
BRDA:727,61,0,2
BRDA:727,61,1,58
BRDA:729,62,0,60
BRDA:729,62,1,2
BRF:126
BRH:73
end_of_record
TN:
SF:src/pages/PacienteUpdate_mantenimiento/index.js
FNF:0
FNH:0
LF:0
LH:0
BRF:0
BRH:0
end_of_record
TN:
SF:src/pages/Reportes/Reportes.jsx
FN:12,(anonymous_0)
FN:19,(anonymous_1)
FN:28,(anonymous_2)
FN:32,(anonymous_3)
FN:41,(anonymous_4)
FN:45,(anonymous_5)
FN:54,(anonymous_6)
FN:58,(anonymous_7)
FN:67,(anonymous_8)
FN:71,(anonymous_9)
FNF:10
FNH:10
FNDA:38,(anonymous_0)
FNDA:18,(anonymous_1)
FNDA:18,(anonymous_2)
FNDA:18,(anonymous_3)
FNDA:18,(anonymous_4)
FNDA:18,(anonymous_5)
FNDA:18,(anonymous_6)
FNDA:18,(anonymous_7)
FNDA:18,(anonymous_8)
FNDA:18,(anonymous_9)
DA:12,2
DA:13,38
DA:14,37
DA:15,37
DA:16,37
DA:17,37
DA:19,37
DA:20,18
DA:21,18
DA:22,16
DA:24,2
DA:28,37
DA:29,18
DA:32,37
DA:33,18
DA:34,18
DA:35,17
DA:37,1
DA:41,37
DA:42,18
DA:45,37
DA:46,18
DA:47,18
DA:48,17
DA:50,1
DA:54,37
DA:55,18
DA:58,37
DA:59,18
DA:60,18
DA:61,17
DA:63,1
DA:67,37
DA:68,18
DA:71,37
DA:72,18
DA:73,18
DA:74,18
DA:75,18
DA:76,18
DA:79,37
LF:41
LH:41
BRDA:84,0,0,15
BRDA:84,0,1,22
BRDA:88,1,0,15
BRDA:88,1,1,22
BRDA:92,2,0,15
BRDA:92,2,1,22
BRDA:96,3,0,15
BRDA:96,3,1,22
BRF:8
BRH:8
end_of_record
TN:
SF:src/pages/Reportes/index.js
FNF:0
FNH:0
LF:0
LH:0
BRF:0
BRH:0
end_of_record
TN:
SF:src/pages/SignIn/SignIn.jsx
FN:7,(anonymous_0)
FN:14,(anonymous_1)
FN:19,(anonymous_2)
FN:24,(anonymous_3)
FN:29,(anonymous_4)
FN:33,(anonymous_5)
FN:43,(anonymous_6)
FN:52,(anonymous_7)
FNF:8
FNH:0
FNDA:0,(anonymous_0)
FNDA:0,(anonymous_1)
FNDA:0,(anonymous_2)
FNDA:0,(anonymous_3)
FNDA:0,(anonymous_4)
FNDA:0,(anonymous_5)
FNDA:0,(anonymous_6)
FNDA:0,(anonymous_7)
DA:7,1
DA:8,0
DA:9,0
DA:10,0
DA:12,0
DA:14,0
DA:16,0
DA:19,0
DA:21,0
DA:24,0
DA:26,0
DA:29,0
DA:30,0
DA:31,0
DA:32,0
DA:33,0
DA:34,0
DA:35,0
DA:37,0
DA:39,0
DA:43,0
DA:44,0
DA:45,0
DA:46,0
DA:48,0
DA:52,0
DA:53,0
DA:54,0
DA:55,0
DA:58,0
LF:30
LH:1
BRF:0
BRH:0
end_of_record
TN:
SF:src/pages/SignIn/index.js
FNF:0
FNH:0
LF:0
LH:0
BRF:0
BRH:0
end_of_record
TN:
SF:src/pages/UsuarioAdd_mantenimiento/UsuarioAdd_mantenimiento.jsx
FN:12,(anonymous_0)
FN:22,(anonymous_1)
FN:36,(anonymous_2)
FN:48,(anonymous_3)
FN:62,(anonymous_4)
FN:79,(anonymous_5)
FN:105,(anonymous_6)
FN:131,(anonymous_7)
FNF:8
FNH:8
FNDA:107,(anonymous_0)
FNDA:25,(anonymous_1)
FNDA:18,(anonymous_2)
FNDA:20,(anonymous_3)
FNDA:12,(anonymous_4)
FNDA:10,(anonymous_5)
FNDA:9,(anonymous_6)
FNDA:12,(anonymous_7)
DA:12,2
DA:13,107
DA:14,107
DA:15,107
DA:18,107
DA:19,107
DA:20,107
DA:22,107
DA:23,25
DA:24,25
DA:27,25
DA:28,1
DA:29,24
DA:30,7
DA:32,17
DA:36,107
DA:37,18
DA:38,18
DA:41,18
DA:42,3
DA:44,15
DA:48,107
DA:49,20
DA:50,20
DA:53,20
DA:54,1
DA:55,19
DA:56,4
DA:58,15
DA:62,107
DA:63,12
DA:65,12
DA:71,12
DA:72,1
DA:76,11
DA:80,10
DA:84,11
DA:85,1
DA:91,10
DA:97,10
DA:98,1
DA:102,9
DA:106,9
DA:110,9
DA:111,0
DA:116,9
DA:125,8
DA:127,4
DA:131,107
DA:132,12
DA:133,12
DA:134,8
DA:137,8
DA:138,8
DA:139,8
DA:142,8
DA:143,8
DA:144,8
DA:146,4
DA:150,107
DA:210,2
DA:214,2
LF:62
LH:61
BRDA:27,0,0,1
BRDA:27,0,1,24
BRDA:29,1,0,7
BRDA:29,1,1,17
BRDA:41,2,0,3
BRDA:41,2,1,15
BRDA:41,3,0,18
BRDA:41,3,1,17
BRDA:53,4,0,1
BRDA:53,4,1,19
BRDA:55,5,0,4
BRDA:55,5,1,15
BRDA:71,6,0,1
BRDA:71,6,1,11
BRDA:84,7,0,1
BRDA:84,7,1,10
BRDA:86,8,0,1
BRDA:86,8,1,0
BRDA:97,9,0,1
BRDA:97,9,1,9
BRDA:106,10,0,9
BRDA:106,10,1,9
BRDA:110,11,0,0
BRDA:110,11,1,9
BRDA:112,12,0,0
BRDA:112,12,1,0
BRDA:127,13,0,4
BRDA:127,13,1,0
BRDA:159,14,0,7
BRDA:159,14,1,100
BRDA:161,15,0,107
BRDA:161,15,1,7
BRDA:173,16,0,3
BRDA:173,16,1,104
BRDA:175,17,0,107
BRDA:175,17,1,3
BRDA:190,18,0,4
BRDA:190,18,1,103
BRDA:192,19,0,107
BRDA:192,19,1,4
BRF:40
BRH:35
end_of_record
TN:
SF:src/pages/UsuarioAdd_mantenimiento/index.js
FNF:0
FNH:0
LF:0
LH:0
BRF:0
BRH:0
end_of_record
TN:
SF:src/pages/UsuarioUpdate_mantenimiento/UsuarioUpdate_mantenimiento.jsx
FN:11,(anonymous_0)
FN:20,(anonymous_1)
FN:34,(anonymous_2)
FN:46,(anonymous_3)
FN:64,(anonymous_4)
FN:68,(anonymous_5)
FN:101,(anonymous_6)
FN:111,(anonymous_7)
FN:128,(anonymous_8)
FN:144,(anonymous_9)
FN:154,(anonymous_10)
FN:187,(anonymous_11)
FN:197,(anonymous_12)
FNF:13
FNH:13
FNDA:178,(anonymous_0)
FNDA:30,(anonymous_1)
FNDA:31,(anonymous_2)
FNDA:75,(anonymous_3)
FNDA:75,(anonymous_4)
FNDA:9,(anonymous_5)
FNDA:9,(anonymous_6)
FNDA:8,(anonymous_7)
FNDA:7,(anonymous_8)
FNDA:8,(anonymous_9)
FNDA:7,(anonymous_10)
FNDA:7,(anonymous_11)
FNDA:57,(anonymous_12)
DA:11,2
DA:12,178
DA:13,178
DA:14,178
DA:17,178
DA:18,178
DA:20,178
DA:21,30
DA:22,30
DA:25,30
DA:26,1
DA:27,29
DA:28,4
DA:30,25
DA:34,178
DA:35,31
DA:36,31
DA:39,31
DA:40,2
DA:42,29
DA:46,178
DA:47,75
DA:48,75
DA:53,75
DA:54,0
DA:57,75
DA:58,74
DA:60,0
DA:64,178
DA:65,75
DA:68,178
DA:69,9
DA:71,9
DA:77,9
DA:78,1
DA:82,8
DA:88,8
DA:89,0
DA:92,8
DA:95,7
DA:97,2
DA:101,178
DA:102,9
DA:103,9
DA:104,7
DA:105,7
DA:107,2
DA:111,178
DA:112,8
DA:114,8
DA:120,8
DA:121,1
DA:125,7
DA:128,7
DA:131,7
DA:132,0
DA:135,7
DA:138,6
DA:140,2
DA:144,178
DA:145,8
DA:146,8
DA:147,6
DA:148,6
DA:150,2
DA:154,178
DA:155,7
DA:157,7
DA:163,7
DA:164,1
DA:168,6
DA:174,6
DA:175,0
DA:178,6
DA:181,5
DA:183,2
DA:187,178
DA:188,7
DA:189,7
DA:190,5
DA:191,5
DA:193,2
DA:197,178
DA:198,57
DA:201,178
DA:202,57
DA:205,121
DA:289,2
DA:293,2
LF:89
LH:84
BRDA:25,0,0,1
BRDA:25,0,1,29
BRDA:27,1,0,4
BRDA:27,1,1,25
BRDA:39,2,0,2
BRDA:39,2,1,29
BRDA:53,3,0,0
BRDA:53,3,1,75
BRDA:60,4,0,0
BRDA:60,4,1,0
BRDA:77,5,0,1
BRDA:77,5,1,8
BRDA:88,6,0,0
BRDA:88,6,1,8
BRDA:97,7,0,2
BRDA:97,7,1,0
BRDA:120,8,0,1
BRDA:120,8,1,7
BRDA:131,9,0,0
BRDA:131,9,1,7
BRDA:132,10,0,0
BRDA:132,10,1,0
BRDA:140,11,0,2
BRDA:140,11,1,0
BRDA:163,12,0,1
BRDA:163,12,1,6
BRDA:174,13,0,0
BRDA:174,13,1,6
BRDA:183,14,0,2
BRDA:183,14,1,0
BRDA:201,15,0,57
BRDA:201,15,1,121
BRDA:217,16,0,4
BRDA:217,16,1,117
BRDA:219,17,0,121
BRDA:219,17,1,4
BRDA:227,18,0,2
BRDA:227,18,1,119
BRDA:229,19,0,121
BRDA:229,19,1,2
BRDA:241,20,0,4
BRDA:241,20,1,117
BRDA:243,21,0,121
BRDA:243,21,1,4
BRDA:251,22,0,2
BRDA:251,22,1,119
BRDA:253,23,0,121
BRDA:253,23,1,2
BRDA:265,24,0,4
BRDA:265,24,1,117
BRDA:267,25,0,121
BRDA:267,25,1,4
BRDA:276,26,0,2
BRDA:276,26,1,119
BRDA:278,27,0,121
BRDA:278,27,1,2
BRF:56
BRH:45
end_of_record
TN:
SF:src/pages/UsuarioUpdate_mantenimiento/index.js
FNF:0
FNH:0
LF:0
LH:0
BRF:0
BRH:0
end_of_record
TN:
SF:src/pages/Welcome/Welcome.jsx
FN:11,(anonymous_0)
FNF:1
FNH:1
FNDA:25,(anonymous_0)
DA:11,2
DA:12,25
LF:2
LH:2
BRF:0
BRH:0
end_of_record
TN:
SF:src/pages/Welcome/index.js
FNF:0
FNH:0
LF:0
LH:0
BRF:0
BRH:0
end_of_record
TN:
SF:src/routes/protectedRoute.jsx
FN:6,(anonymous_0)
FNF:1
FNH:0
FNDA:0,(anonymous_0)
DA:6,1
DA:7,0
DA:9,0
DA:10,0
DA:13,0
DA:14,0
DA:17,0
DA:20,1
LF:8
LH:2
BRDA:9,0,0,0
BRDA:9,0,1,0
BRDA:13,1,0,0
BRDA:13,1,1,0
BRF:4
BRH:0
end_of_record
TN:
SF:src/utils/sanitizer.js
FN:8,(anonymous_0)
FN:25,(anonymous_1)
FN:42,(anonymous_2)
FN:58,(anonymous_3)
FN:75,(anonymous_4)
FN:88,(anonymous_5)
FN:99,(anonymous_6)
FN:110,(anonymous_7)
FN:122,(anonymous_8)
FN:132,(anonymous_9)
FN:143,(anonymous_10)
FN:160,(anonymous_11)
FN:171,(anonymous_12)
FN:188,(anonymous_13)
FNF:14
FNH:1
FNDA:4,(anonymous_0)
FNDA:0,(anonymous_1)
FNDA:0,(anonymous_2)
FNDA:0,(anonymous_3)
FNDA:0,(anonymous_4)
FNDA:0,(anonymous_5)
FNDA:0,(anonymous_6)
FNDA:0,(anonymous_7)
FNDA:0,(anonymous_8)
FNDA:0,(anonymous_9)
FNDA:0,(anonymous_10)
FNDA:0,(anonymous_11)
FNDA:0,(anonymous_12)
FNDA:0,(anonymous_13)
DA:8,2
DA:9,4
DA:10,0
DA:13,4
DA:25,2
DA:26,0
DA:27,0
DA:30,0
DA:42,2
DA:43,0
DA:44,0
DA:47,0
DA:48,0
DA:49,0
DA:58,2
DA:59,0
DA:60,0
DA:63,0
DA:64,0
DA:67,0
DA:75,2
DA:76,0
DA:79,0
DA:80,0
DA:88,2
DA:89,0
DA:90,0
DA:91,0
DA:99,2
DA:100,0
DA:101,0
DA:102,0
DA:110,2
DA:111,0
DA:112,0
DA:113,0
DA:122,2
DA:123,0
DA:124,0
DA:132,2
DA:133,0
DA:143,2
DA:144,0
DA:147,0
DA:160,0
DA:161,0
DA:171,2
DA:172,0
DA:174,0
DA:176,0
DA:179,0
DA:188,2
DA:196,0
DA:199,0
DA:200,0
DA:208,0
DA:209,0
DA:217,0
DA:218,0
DA:226,0
DA:227,0
DA:235,0
DA:236,0
DA:244,0
DA:245,0
DA:252,0
DA:253,0
DA:260,0
DA:261,0
DA:268,0
DA:269,0
DA:277,0
DA:278,0
DA:286,0
DA:288,0
LF:75
LH:15
BRDA:9,0,0,0
BRDA:9,0,1,4
BRDA:26,1,0,0
BRDA:26,1,1,0
BRDA:43,2,0,0
BRDA:43,2,1,0
BRDA:58,3,0,0
BRDA:59,4,0,0
BRDA:59,4,1,0
BRDA:59,5,0,0
BRDA:59,5,1,0
BRDA:63,6,0,0
BRDA:63,6,1,0
BRDA:76,7,0,0
BRDA:76,7,1,0
BRDA:89,8,0,0
BRDA:89,8,1,0
BRDA:100,9,0,0
BRDA:100,9,1,0
BRDA:111,10,0,0
BRDA:111,10,1,0
BRDA:122,11,0,0
BRDA:123,12,0,0
BRDA:123,12,1,0
BRDA:134,13,0,0
BRDA:134,13,1,0
BRDA:134,13,2,0
BRDA:144,14,0,0
BRDA:144,14,1,0
BRDA:171,15,0,0
BRDA:172,16,0,0
BRDA:172,16,1,0
BRDA:174,17,0,0
BRDA:174,17,1,0
BRDA:188,18,0,0
BRDA:190,19,0,0
BRDA:191,20,0,0
BRDA:192,21,0,0
BRDA:193,22,0,0
BRDA:194,23,0,0
BRDA:195,24,0,0
BRDA:199,25,0,0
BRDA:199,25,1,0
BRDA:199,26,0,0
BRDA:199,26,1,0
BRDA:208,27,0,0
BRDA:208,27,1,0
BRDA:217,28,0,0
BRDA:217,28,1,0
BRDA:226,29,0,0
BRDA:226,29,1,0
BRDA:226,30,0,0
BRDA:226,30,1,0
BRDA:235,31,0,0
BRDA:235,31,1,0
BRDA:235,32,0,0
BRDA:235,32,1,0
BRDA:244,33,0,0
BRDA:244,33,1,0
BRDA:244,34,0,0
BRDA:244,34,1,0
BRDA:252,35,0,0
BRDA:252,35,1,0
BRDA:252,36,0,0
BRDA:252,36,1,0
BRDA:260,37,0,0
BRDA:260,37,1,0
BRDA:260,38,0,0
BRDA:260,38,1,0
BRDA:268,39,0,0
BRDA:268,39,1,0
BRDA:268,40,0,0
BRDA:268,40,1,0
BRDA:277,41,0,0
BRDA:277,41,1,0
BRDA:277,42,0,0
BRDA:277,42,1,0
BRF:77
BRH:1
end_of_record
