TN:
SF:src/App.jsx
FN:5,App
FNF:1
FNH:1
FNDA:1,App
DA:6,1
LF:1
LH:1
BRF:0
BRH:0
end_of_record
TN:
SF:src/components/index.js
FNF:0
FNH:0
LF:0
LH:0
BRF:0
BRH:0
end_of_record
TN:
SF:src/components/ShowAll/ShowAll.jsx
FN:6,(anonymous_0)
FN:25,(anonymous_1)
FNF:2
FNH:0
FNDA:0,(anonymous_0)
FNDA:0,(anonymous_1)
DA:6,1
DA:7,0
DA:26,0
DA:44,1
DA:48,1
LF:5
LH:3
BRF:0
BRH:0
end_of_record
TN:
SF:src/components/ShowAll/index.js
FNF:0
FNH:0
LF:0
LH:0
BRF:0
BRH:0
end_of_record
TN:
SF:src/components/ShowAllBusquedaMensual/ShowAllBusquedaMensual.jsx
FN:6,(anonymous_0)
FN:19,(anonymous_1)
FNF:2
FNH:0
FNDA:0,(anonymous_0)
FNDA:0,(anonymous_1)
DA:6,1
DA:7,0
DA:20,0
DA:32,1
DA:36,1
LF:5
LH:3
BRF:0
BRH:0
end_of_record
TN:
SF:src/components/ShowAllBusquedaMensual/index.js
FNF:0
FNH:0
LF:0
LH:0
BRF:0
BRH:0
end_of_record
TN:
SF:src/components/ShowAllCirugias/ShowAllCirugias.jsx
FN:6,(anonymous_0)
FN:21,(anonymous_1)
FNF:2
FNH:0
FNDA:0,(anonymous_0)
FNDA:0,(anonymous_1)
DA:6,1
DA:7,0
DA:22,0
DA:36,1
DA:40,1
LF:5
LH:3
BRF:0
BRH:0
end_of_record
TN:
SF:src/components/ShowAllCirugias/index.js
FNF:0
FNH:0
LF:0
LH:0
BRF:0
BRH:0
end_of_record
TN:
SF:src/components/ShowAllEnfermedadesMortales/ShowAllEnfermedadesMortales.jsx
FN:6,(anonymous_0)
FN:19,(anonymous_1)
FNF:2
FNH:0
FNDA:0,(anonymous_0)
FNDA:0,(anonymous_1)
DA:6,1
DA:7,0
DA:20,0
DA:32,1
DA:36,1
LF:5
LH:3
BRF:0
BRH:0
end_of_record
TN:
SF:src/components/ShowAllEnfermedadesMortales/index.js
FNF:0
FNH:0
LF:0
LH:0
BRF:0
BRH:0
end_of_record
TN:
SF:src/components/ShowAllExamenes/ShowAllExamenes.jsx
FN:6,(anonymous_0)
FN:19,(anonymous_1)
FNF:2
FNH:0
FNDA:0,(anonymous_0)
FNDA:0,(anonymous_1)
DA:6,1
DA:7,0
DA:20,0
DA:32,1
DA:36,1
LF:5
LH:3
BRF:0
BRH:0
end_of_record
TN:
SF:src/components/ShowAllExamenes/index.js
FNF:0
FNH:0
LF:0
LH:0
BRF:0
BRH:0
end_of_record
TN:
SF:src/components/ShowAllHospitalesMasPacientes/ShowAllHospitalesMasPacientes.jsx
FN:6,(anonymous_0)
FN:19,(anonymous_1)
FNF:2
FNH:0
FNDA:0,(anonymous_0)
FNDA:0,(anonymous_1)
DA:6,1
DA:7,0
DA:20,0
DA:32,1
DA:36,1
LF:5
LH:3
BRF:0
BRH:0
end_of_record
TN:
SF:src/components/ShowAllHospitalesMasPacientes/index.js
FNF:0
FNH:0
LF:0
LH:0
BRF:0
BRH:0
end_of_record
TN:
SF:src/components/ShowAllLugaresVisitados/ShowAllLugaresVisitados.jsx
FN:6,(anonymous_0)
FN:20,(anonymous_1)
FNF:2
FNH:0
FNDA:0,(anonymous_0)
FNDA:0,(anonymous_1)
DA:6,1
DA:7,0
DA:21,0
DA:34,1
DA:38,1
LF:5
LH:3
BRF:0
BRH:0
end_of_record
TN:
SF:src/components/ShowAllLugaresVisitados/index.js
FNF:0
FNH:0
LF:0
LH:0
BRF:0
BRH:0
end_of_record
TN:
SF:src/components/ShowAllMedicamentos/ShowAllMedicamentos.jsx
FN:6,(anonymous_0)
FN:20,(anonymous_1)
FNF:2
FNH:0
FNDA:0,(anonymous_0)
FNDA:0,(anonymous_1)
DA:6,1
DA:7,0
DA:21,0
DA:34,1
DA:38,1
LF:5
LH:3
BRF:0
BRH:0
end_of_record
TN:
SF:src/components/ShowAllMedicamentos/index.js
FNF:0
FNH:0
LF:0
LH:0
BRF:0
BRH:0
end_of_record
TN:
SF:src/components/ShowAllMedicosPaciente/ShowAllMedicosPaciente.jsx
FN:6,(anonymous_0)
FN:21,(anonymous_1)
FNF:2
FNH:0
FNDA:0,(anonymous_0)
FNDA:0,(anonymous_1)
DA:6,1
DA:7,0
DA:22,0
DA:36,1
DA:40,1
LF:5
LH:3
BRF:0
BRH:0
end_of_record
TN:
SF:src/components/ShowAllMedicosPaciente/index.js
FNF:0
FNH:0
LF:0
LH:0
BRF:0
BRH:0
end_of_record
TN:
SF:src/components/ShowAllPacientes/ShowAllPacientes.jsx
FN:6,(anonymous_0)
FN:29,(anonymous_1)
FNF:2
FNH:0
FNDA:0,(anonymous_0)
FNDA:0,(anonymous_1)
DA:6,1
DA:7,0
DA:30,0
DA:52,1
DA:56,1
LF:5
LH:3
BRF:0
BRH:0
end_of_record
TN:
SF:src/components/ShowAllPacientes/index.js
FNF:0
FNH:0
LF:0
LH:0
BRF:0
BRH:0
end_of_record
TN:
SF:src/components/ShowAllPacientesMasVisitas/ShowAllPacientesMasVisitas.jsx
FN:6,(anonymous_0)
FN:19,(anonymous_1)
FNF:2
FNH:0
FNDA:0,(anonymous_0)
FNDA:0,(anonymous_1)
DA:6,1
DA:7,0
DA:20,0
DA:32,1
DA:35,1
LF:5
LH:3
BRF:0
BRH:0
end_of_record
TN:
SF:src/components/ShowAllPacientesMasVisitas/index.js
FNF:0
FNH:0
LF:0
LH:0
BRF:0
BRH:0
end_of_record
TN:
SF:src/components/ShowAllTopMedicos/ShowAllTopMedicos.jsx
FN:6,(anonymous_0)
FN:20,(anonymous_1)
FNF:2
FNH:0
FNDA:0,(anonymous_0)
FNDA:0,(anonymous_1)
DA:6,1
DA:7,0
DA:21,0
DA:34,1
DA:38,1
LF:5
LH:3
BRF:0
BRH:0
end_of_record
TN:
SF:src/components/ShowAllTopMedicos/index.js
FNF:0
FNH:0
LF:0
LH:0
BRF:0
BRH:0
end_of_record
TN:
SF:src/components/ShowAllUsuarios/ShowAllUsuarios.jsx
FN:6,(anonymous_0)
FN:23,(anonymous_1)
FNF:2
FNH:0
FNDA:0,(anonymous_0)
FNDA:0,(anonymous_1)
DA:6,1
DA:7,0
DA:24,0
DA:40,1
DA:44,1
LF:5
LH:3
BRF:0
BRH:0
end_of_record
TN:
SF:src/components/ShowAllUsuarios/index.js
FNF:0
FNH:0
LF:0
LH:0
BRF:0
BRH:0
end_of_record
TN:
SF:src/components/ShowAllVisitas/ShowAllVisitas.jsx
FN:6,(anonymous_0)
FN:26,(anonymous_1)
FNF:2
FNH:0
FNDA:0,(anonymous_0)
FNDA:0,(anonymous_1)
DA:6,1
DA:7,0
DA:27,0
DA:46,1
DA:50,1
LF:5
LH:3
BRF:0
BRH:0
end_of_record
TN:
SF:src/components/ShowAllVisitas/index.js
FNF:0
FNH:0
LF:0
LH:0
BRF:0
BRH:0
end_of_record
TN:
SF:src/pages/index.jsx
FN:15,(anonymous_0)
FN:19,(anonymous_1)
FNF:2
FNH:1
FNDA:0,(anonymous_0)
FNDA:1,(anonymous_1)
DA:15,1
DA:16,0
DA:19,1
DA:22,1
LF:4
LH:3
BRF:0
BRH:0
end_of_record
TN:
SF:src/pages/BusquedaMensual/BusquedaMensual.jsx
FN:8,(anonymous_0)
FN:12,(anonymous_1)
FN:21,(anonymous_2)
FN:25,(anonymous_3)
FNF:4
FNH:4
FNDA:5,(anonymous_0)
FNDA:2,(anonymous_1)
FNDA:2,(anonymous_2)
FNDA:2,(anonymous_3)
DA:8,2
DA:9,5
DA:10,5
DA:12,5
DA:13,2
DA:14,2
DA:15,1
DA:17,1
DA:21,5
DA:22,2
DA:25,5
DA:26,2
DA:27,2
DA:29,5
DA:40,2
DA:44,2
LF:16
LH:16
BRDA:34,0,0,2
BRDA:34,0,1,3
BRF:2
BRH:2
end_of_record
TN:
SF:src/pages/BusquedaMensual/index.js
FNF:0
FNH:0
LF:0
LH:0
BRF:0
BRH:0
end_of_record
TN:
SF:src/pages/Expediente/Expediente.jsx
FN:16,(anonymous_0)
FN:27,(anonymous_1)
FN:36,(anonymous_2)
FN:45,(anonymous_3)
FN:54,(anonymous_4)
FN:63,(anonymous_5)
FN:72,(anonymous_6)
FN:81,(anonymous_7)
FN:90,(anonymous_8)
FN:95,(anonymous_9)
FNF:10
FNH:10
FNDA:15,(anonymous_0)
FNDA:4,(anonymous_1)
FNDA:4,(anonymous_2)
FNDA:4,(anonymous_3)
FNDA:4,(anonymous_4)
FNDA:4,(anonymous_5)
FNDA:4,(anonymous_6)
FNDA:4,(anonymous_7)
FNDA:4,(anonymous_8)
FNDA:4,(anonymous_9)
DA:16,2
DA:17,15
DA:18,15
DA:19,15
DA:20,15
DA:21,15
DA:22,15
DA:23,15
DA:24,15
DA:25,15
DA:27,15
DA:28,4
DA:29,4
DA:30,3
DA:32,1
DA:36,15
DA:37,4
DA:38,4
DA:39,3
DA:41,1
DA:45,15
DA:46,4
DA:47,4
DA:48,3
DA:50,1
DA:54,15
DA:55,4
DA:56,4
DA:57,3
DA:59,1
DA:63,15
DA:64,4
DA:65,4
DA:66,3
DA:68,1
DA:72,15
DA:73,4
DA:74,4
DA:75,3
DA:77,1
DA:81,15
DA:82,4
DA:83,4
DA:84,3
DA:86,1
DA:90,15
DA:92,4
DA:95,15
DA:97,4
DA:100,4
DA:101,4
DA:102,4
DA:103,4
DA:104,4
DA:105,4
DA:106,4
DA:108,4
DA:109,4
DA:110,4
DA:111,4
DA:112,4
DA:113,4
DA:114,4
DA:116,4
DA:119,15
LF:65
LH:65
BRDA:128,0,0,3
BRDA:128,0,1,12
BRDA:132,1,0,3
BRDA:132,1,1,12
BRDA:136,2,0,3
BRDA:136,2,1,12
BRDA:140,3,0,3
BRDA:140,3,1,12
BRDA:144,4,0,3
BRDA:144,4,1,12
BRDA:148,5,0,3
BRDA:148,5,1,12
BRDA:152,6,0,3
BRDA:152,6,1,12
BRF:14
BRH:14
end_of_record
TN:
SF:src/pages/Expediente/index.js
FNF:0
FNH:0
LF:0
LH:0
BRF:0
BRH:0
end_of_record
TN:
SF:src/pages/InterfazMedico/InterfazMedico.jsx
FN:8,(anonymous_0)
FN:15,(anonymous_1)
FN:20,(anonymous_2)
FNF:3
FNH:3
FNDA:17,(anonymous_0)
FNDA:2,(anonymous_1)
FNDA:5,(anonymous_2)
DA:8,2
DA:9,17
DA:10,17
DA:12,17
DA:13,17
DA:15,17
DA:16,2
DA:17,2
DA:20,17
DA:21,5
DA:22,5
DA:25,17
LF:12
LH:12
BRDA:32,0,0,12
BRDA:32,0,1,5
BRDA:35,1,0,5
BRDA:35,1,1,12
BRF:4
BRH:4
end_of_record
TN:
SF:src/pages/InterfazMedico/index.js
FNF:0
FNH:0
LF:0
LH:0
BRF:0
BRH:0
end_of_record
TN:
SF:src/pages/LogIn/LogIn.jsx
FN:7,(anonymous_0)
FN:11,(anonymous_1)
FNF:2
FNH:2
FNDA:1,(anonymous_0)
FNDA:1,(anonymous_1)
DA:7,1
DA:8,1
DA:9,1
DA:11,1
DA:12,1
DA:13,0
DA:15,0
DA:16,0
DA:18,0
DA:23,1
LF:10
LH:6
BRDA:12,0,0,0
BRDA:12,0,1,1
BRDA:12,1,0,1
BRDA:12,1,1,0
BRDA:15,2,0,0
BRDA:15,2,1,0
BRF:6
BRH:2
end_of_record
TN:
SF:src/pages/LogIn/index.js
FNF:0
FNH:0
LF:0
LH:0
BRF:0
BRH:0
end_of_record
TN:
SF:src/pages/Mantenimiento/Mantenimiento.jsx
FN:13,(anonymous_0)
FN:24,(anonymous_1)
FN:34,(anonymous_2)
FN:44,(anonymous_3)
FN:54,(anonymous_4)
FN:64,(anonymous_5)
FN:74,(anonymous_6)
FN:84,(anonymous_7)
FNF:8
FNH:8
FNDA:41,(anonymous_0)
FNDA:2,(anonymous_1)
FNDA:6,(anonymous_2)
FNDA:5,(anonymous_3)
FNDA:4,(anonymous_4)
FNDA:3,(anonymous_5)
FNDA:3,(anonymous_6)
FNDA:3,(anonymous_7)
DA:13,2
DA:14,41
DA:16,41
DA:17,41
DA:18,41
DA:19,41
DA:20,41
DA:21,41
DA:22,41
DA:24,41
DA:25,2
DA:26,2
DA:27,2
DA:28,2
DA:29,2
DA:30,2
DA:31,2
DA:34,41
DA:35,6
DA:36,6
DA:37,6
DA:38,6
DA:39,6
DA:40,6
DA:41,6
DA:44,41
DA:45,5
DA:46,5
DA:47,5
DA:48,5
DA:49,5
DA:50,5
DA:51,5
DA:54,41
DA:55,4
DA:56,4
DA:57,4
DA:58,4
DA:59,4
DA:60,4
DA:61,4
DA:64,41
DA:65,3
DA:66,3
DA:67,3
DA:68,3
DA:69,3
DA:70,3
DA:71,3
DA:74,41
DA:75,3
DA:76,3
DA:77,3
DA:78,3
DA:79,3
DA:80,3
DA:81,3
DA:84,41
DA:85,3
DA:86,3
DA:87,3
DA:88,3
DA:89,3
DA:90,3
DA:91,3
DA:94,41
LF:66
LH:66
BRDA:125,0,0,6
BRDA:125,0,1,35
BRDA:128,1,0,17
BRDA:128,1,1,24
BRDA:132,2,0,4
BRDA:132,2,1,37
BRDA:135,3,0,5
BRDA:135,3,1,36
BRDA:139,4,0,3
BRDA:139,4,1,38
BRDA:142,5,0,3
BRDA:142,5,1,38
BRDA:145,6,0,3
BRDA:145,6,1,38
BRF:14
BRH:14
end_of_record
TN:
SF:src/pages/Mantenimiento/index.js
FNF:0
FNH:0
LF:0
LH:0
BRF:0
BRH:0
end_of_record
TN:
SF:src/pages/MedicoAdd_mantenimiento/MedicoAdd_mantenimiento.jsx
FN:12,(anonymous_0)
FN:28,(anonymous_1)
FN:40,(anonymous_2)
FN:52,(anonymous_3)
FN:64,(anonymous_4)
FN:78,(anonymous_5)
FN:92,(anonymous_6)
FN:104,(anonymous_7)
FN:178,(anonymous_8)
FN:207,(anonymous_9)
FNF:10
FNH:0
FNDA:0,(anonymous_0)
FNDA:0,(anonymous_1)
FNDA:0,(anonymous_2)
FNDA:0,(anonymous_3)
FNDA:0,(anonymous_4)
FNDA:0,(anonymous_5)
FNDA:0,(anonymous_6)
FNDA:0,(anonymous_7)
FNDA:0,(anonymous_8)
FNDA:0,(anonymous_9)
DA:12,1
DA:13,0
DA:14,0
DA:15,0
DA:16,0
DA:17,0
DA:18,0
DA:21,0
DA:22,0
DA:23,0
DA:24,0
DA:25,0
DA:26,0
DA:28,0
DA:29,0
DA:30,0
DA:33,0
DA:34,0
DA:36,0
DA:40,0
DA:41,0
DA:42,0
DA:45,0
DA:46,0
DA:48,0
DA:52,0
DA:53,0
DA:54,0
DA:57,0
DA:58,0
DA:60,0
DA:64,0
DA:65,0
DA:66,0
DA:69,0
DA:70,0
DA:71,0
DA:72,0
DA:74,0
DA:78,0
DA:79,0
DA:80,0
DA:83,0
DA:84,0
DA:85,0
DA:86,0
DA:88,0
DA:92,0
DA:93,0
DA:94,0
DA:97,0
DA:98,0
DA:100,0
DA:104,0
DA:105,0
DA:107,0
DA:114,0
DA:115,0
DA:119,0
DA:126,0
DA:127,0
DA:131,0
DA:136,0
DA:137,0
DA:141,0
DA:147,0
DA:148,0
DA:152,0
DA:158,0
DA:159,0
DA:163,0
DA:170,0
DA:171,0
DA:175,0
DA:179,0
DA:183,0
DA:184,0
DA:189,0
DA:201,0
DA:203,0
DA:207,0
DA:208,0
DA:209,0
DA:210,0
DA:213,0
DA:214,0
DA:215,0
DA:216,0
DA:217,0
DA:218,0
DA:221,0
DA:222,0
DA:223,0
DA:224,0
DA:225,0
DA:226,0
DA:228,0
DA:232,0
DA:335,1
DA:339,1
LF:100
LH:3
BRDA:33,0,0,0
BRDA:33,0,1,0
BRDA:45,1,0,0
BRDA:45,1,1,0
BRDA:57,2,0,0
BRDA:57,2,1,0
BRDA:69,3,0,0
BRDA:69,3,1,0
BRDA:71,4,0,0
BRDA:71,4,1,0
BRDA:83,5,0,0
BRDA:83,5,1,0
BRDA:85,6,0,0
BRDA:85,6,1,0
BRDA:97,7,0,0
BRDA:97,7,1,0
BRDA:114,8,0,0
BRDA:114,8,1,0
BRDA:126,9,0,0
BRDA:126,9,1,0
BRDA:136,10,0,0
BRDA:136,10,1,0
BRDA:147,11,0,0
BRDA:147,11,1,0
BRDA:158,12,0,0
BRDA:158,12,1,0
BRDA:170,13,0,0
BRDA:170,13,1,0
BRDA:179,14,0,0
BRDA:179,14,1,0
BRDA:183,15,0,0
BRDA:183,15,1,0
BRDA:185,16,0,0
BRDA:185,16,1,0
BRDA:203,17,0,0
BRDA:203,17,1,0
BRDA:241,18,0,0
BRDA:241,18,1,0
BRDA:243,19,0,0
BRDA:243,19,1,0
BRDA:255,20,0,0
BRDA:255,20,1,0
BRDA:257,21,0,0
BRDA:257,21,1,0
BRDA:269,22,0,0
BRDA:269,22,1,0
BRDA:271,23,0,0
BRDA:271,23,1,0
BRDA:284,24,0,0
BRDA:284,24,1,0
BRDA:286,25,0,0
BRDA:286,25,1,0
BRDA:299,26,0,0
BRDA:299,26,1,0
BRDA:301,27,0,0
BRDA:301,27,1,0
BRDA:315,28,0,0
BRDA:315,28,1,0
BRDA:317,29,0,0
BRDA:317,29,1,0
BRF:60
BRH:0
end_of_record
TN:
SF:src/pages/MedicoAdd_mantenimiento/index.js
FNF:0
FNH:0
LF:0
LH:0
BRF:0
BRH:0
end_of_record
TN:
SF:src/pages/MedicoUpdate_mantenimiento/MedicoUpdate_mantenimiento.jsx
FN:11,(anonymous_0)
FN:20,(anonymous_1)
FN:34,(anonymous_2)
FN:46,(anonymous_3)
FN:64,(anonymous_4)
FN:68,(anonymous_5)
FN:102,(anonymous_6)
FN:112,(anonymous_7)
FN:146,(anonymous_8)
FN:156,(anonymous_9)
FN:190,(anonymous_10)
FN:200,(anonymous_11)
FN:233,(anonymous_12)
FN:243,(anonymous_13)
FN:277,(anonymous_14)
FN:330,(anonymous_15)
FNF:16
FNH:0
FNDA:0,(anonymous_0)
FNDA:0,(anonymous_1)
FNDA:0,(anonymous_2)
FNDA:0,(anonymous_3)
FNDA:0,(anonymous_4)
FNDA:0,(anonymous_5)
FNDA:0,(anonymous_6)
FNDA:0,(anonymous_7)
FNDA:0,(anonymous_8)
FNDA:0,(anonymous_9)
FNDA:0,(anonymous_10)
FNDA:0,(anonymous_11)
FNDA:0,(anonymous_12)
FNDA:0,(anonymous_13)
FNDA:0,(anonymous_14)
FNDA:0,(anonymous_15)
DA:11,1
DA:12,0
DA:13,0
DA:14,0
DA:17,0
DA:18,0
DA:20,0
DA:21,0
DA:22,0
DA:25,0
DA:26,0
DA:27,0
DA:28,0
DA:30,0
DA:34,0
DA:35,0
DA:36,0
DA:39,0
DA:40,0
DA:42,0
DA:46,0
DA:47,0
DA:48,0
DA:53,0
DA:54,0
DA:57,0
DA:58,0
DA:60,0
DA:64,0
DA:65,0
DA:68,0
DA:69,0
DA:71,0
DA:77,0
DA:78,0
DA:82,0
DA:89,0
DA:90,0
DA:93,0
DA:96,0
DA:98,0
DA:102,0
DA:103,0
DA:104,0
DA:105,0
DA:106,0
DA:108,0
DA:112,0
DA:113,0
DA:115,0
DA:121,0
DA:122,0
DA:126,0
DA:133,0
DA:134,0
DA:137,0
DA:140,0
DA:142,0
DA:146,0
DA:147,0
DA:148,0
DA:149,0
DA:150,0
DA:152,0
DA:156,0
DA:157,0
DA:159,0
DA:165,0
DA:166,0
DA:170,0
DA:177,0
DA:178,0
DA:181,0
DA:184,0
DA:186,0
DA:190,0
DA:191,0
DA:192,0
DA:193,0
DA:194,0
DA:196,0
DA:200,0
DA:201,0
DA:203,0
DA:209,0
DA:210,0
DA:214,0
DA:220,0
DA:221,0
DA:224,0
DA:227,0
DA:229,0
DA:233,0
DA:234,0
DA:235,0
DA:236,0
DA:237,0
DA:239,0
DA:243,0
DA:244,0
DA:246,0
DA:252,0
DA:253,0
DA:257,0
DA:264,0
DA:265,0
DA:268,0
DA:271,0
DA:273,0
DA:277,0
DA:278,0
DA:279,0
DA:280,0
DA:281,0
DA:283,0
DA:330,0
DA:331,0
DA:334,0
DA:335,0
DA:338,0
DA:448,1
DA:452,1
LF:122
LH:3
BRDA:25,0,0,0
BRDA:25,0,1,0
BRDA:27,1,0,0
BRDA:27,1,1,0
BRDA:39,2,0,0
BRDA:39,2,1,0
BRDA:53,3,0,0
BRDA:53,3,1,0
BRDA:60,4,0,0
BRDA:60,4,1,0
BRDA:77,5,0,0
BRDA:77,5,1,0
BRDA:89,6,0,0
BRDA:89,6,1,0
BRDA:98,7,0,0
BRDA:98,7,1,0
BRDA:121,8,0,0
BRDA:121,8,1,0
BRDA:133,9,0,0
BRDA:133,9,1,0
BRDA:142,10,0,0
BRDA:142,10,1,0
BRDA:165,11,0,0
BRDA:165,11,1,0
BRDA:177,12,0,0
BRDA:177,12,1,0
BRDA:186,13,0,0
BRDA:186,13,1,0
BRDA:209,14,0,0
BRDA:209,14,1,0
BRDA:220,15,0,0
BRDA:220,15,1,0
BRDA:229,16,0,0
BRDA:229,16,1,0
BRDA:252,17,0,0
BRDA:252,17,1,0
BRDA:264,18,0,0
BRDA:264,18,1,0
BRDA:273,19,0,0
BRDA:273,19,1,0
BRDA:334,20,0,0
BRDA:334,20,1,0
BRDA:351,21,0,0
BRDA:351,21,1,0
BRDA:353,22,0,0
BRDA:353,22,1,0
BRDA:363,23,0,0
BRDA:363,23,1,0
BRDA:365,24,0,0
BRDA:365,24,1,0
BRDA:377,25,0,0
BRDA:377,25,1,0
BRDA:379,26,0,0
BRDA:379,26,1,0
BRDA:391,27,0,0
BRDA:391,27,1,0
BRDA:393,28,0,0
BRDA:393,28,1,0
BRDA:406,29,0,0
BRDA:406,29,1,0
BRDA:408,30,0,0
BRDA:408,30,1,0
BRDA:420,31,0,0
BRDA:420,31,1,0
BRDA:422,32,0,0
BRDA:422,32,1,0
BRF:66
BRH:0
end_of_record
TN:
SF:src/pages/MedicoUpdate_mantenimiento/index.js
FNF:0
FNH:0
LF:0
LH:0
BRF:0
BRH:0
end_of_record
TN:
SF:src/pages/PacienteAdd_mantenimiento/PacienteAdd_mantenimiento.jsx
FN:11,(anonymous_0)
FN:37,(anonymous_1)
FN:49,(anonymous_2)
FN:61,(anonymous_3)
FN:73,(anonymous_4)
FN:87,(anonymous_5)
FN:101,(anonymous_6)
FN:115,(anonymous_7)
FN:129,(anonymous_8)
FN:141,(anonymous_9)
FN:153,(anonymous_10)
FN:165,(anonymous_11)
FN:179,(anonymous_12)
FN:230,(anonymous_13)
FN:245,(anonymous_14)
FN:260,(anonymous_15)
FN:336,(anonymous_16)
FNF:17
FNH:0
FNDA:0,(anonymous_0)
FNDA:0,(anonymous_1)
FNDA:0,(anonymous_2)
FNDA:0,(anonymous_3)
FNDA:0,(anonymous_4)
FNDA:0,(anonymous_5)
FNDA:0,(anonymous_6)
FNDA:0,(anonymous_7)
FNDA:0,(anonymous_8)
FNDA:0,(anonymous_9)
FNDA:0,(anonymous_10)
FNDA:0,(anonymous_11)
FNDA:0,(anonymous_12)
FNDA:0,(anonymous_13)
FNDA:0,(anonymous_14)
FNDA:0,(anonymous_15)
FNDA:0,(anonymous_16)
DA:11,1
DA:12,0
DA:13,0
DA:14,0
DA:15,0
DA:16,0
DA:17,0
DA:18,0
DA:19,0
DA:20,0
DA:21,0
DA:22,0
DA:25,0
DA:26,0
DA:27,0
DA:28,0
DA:29,0
DA:30,0
DA:31,0
DA:32,0
DA:33,0
DA:34,0
DA:35,0
DA:37,0
DA:38,0
DA:39,0
DA:42,0
DA:43,0
DA:45,0
DA:49,0
DA:50,0
DA:51,0
DA:54,0
DA:55,0
DA:57,0
DA:61,0
DA:62,0
DA:63,0
DA:66,0
DA:67,0
DA:69,0
DA:73,0
DA:74,0
DA:75,0
DA:78,0
DA:79,0
DA:80,0
DA:81,0
DA:83,0
DA:87,0
DA:88,0
DA:89,0
DA:92,0
DA:93,0
DA:94,0
DA:95,0
DA:97,0
DA:101,0
DA:102,0
DA:103,0
DA:106,0
DA:107,0
DA:108,0
DA:109,0
DA:111,0
DA:115,0
DA:116,0
DA:117,0
DA:120,0
DA:121,0
DA:122,0
DA:123,0
DA:125,0
DA:129,0
DA:130,0
DA:131,0
DA:134,0
DA:135,0
DA:137,0
DA:141,0
DA:142,0
DA:143,0
DA:146,0
DA:147,0
DA:149,0
DA:153,0
DA:154,0
DA:155,0
DA:158,0
DA:159,0
DA:161,0
DA:165,0
DA:166,0
DA:167,0
DA:170,0
DA:171,0
DA:172,0
DA:173,0
DA:175,0
DA:179,0
DA:180,0
DA:182,0
DA:189,0
DA:190,0
DA:194,0
DA:201,0
DA:202,0
DA:206,0
DA:212,0
DA:213,0
DA:217,0
DA:222,0
DA:223,0
DA:227,0
DA:231,0
DA:235,0
DA:236,0
DA:242,0
DA:246,0
DA:250,0
DA:251,0
DA:257,0
DA:261,0
DA:265,0
DA:266,0
DA:272,0
DA:277,0
DA:278,0
DA:282,0
DA:287,0
DA:288,0
DA:292,0
DA:299,0
DA:300,0
DA:304,0
DA:310,0
DA:311,0
DA:314,0
DA:330,0
DA:332,0
DA:336,0
DA:337,0
DA:338,0
DA:339,0
DA:342,0
DA:343,0
DA:344,0
DA:345,0
DA:346,0
DA:347,0
DA:348,0
DA:349,0
DA:350,0
DA:351,0
DA:352,0
DA:355,0
DA:356,0
DA:357,0
DA:358,0
DA:359,0
DA:360,0
DA:361,0
DA:362,0
DA:363,0
DA:364,0
DA:365,0
DA:367,0
DA:371,0
LF:168
LH:1
BRDA:42,0,0,0
BRDA:42,0,1,0
BRDA:54,1,0,0
BRDA:54,1,1,0
BRDA:66,2,0,0
BRDA:66,2,1,0
BRDA:78,3,0,0
BRDA:78,3,1,0
BRDA:80,4,0,0
BRDA:80,4,1,0
BRDA:92,5,0,0
BRDA:92,5,1,0
BRDA:94,6,0,0
BRDA:94,6,1,0
BRDA:94,7,0,0
BRDA:94,7,1,0
BRDA:106,8,0,0
BRDA:106,8,1,0
BRDA:108,9,0,0
BRDA:108,9,1,0
BRDA:108,10,0,0
BRDA:108,10,1,0
BRDA:120,11,0,0
BRDA:120,11,1,0
BRDA:122,12,0,0
BRDA:122,12,1,0
BRDA:122,13,0,0
BRDA:122,13,1,0
BRDA:134,14,0,0
BRDA:134,14,1,0
BRDA:146,15,0,0
BRDA:146,15,1,0
BRDA:158,16,0,0
BRDA:158,16,1,0
BRDA:170,17,0,0
BRDA:170,17,1,0
BRDA:172,18,0,0
BRDA:172,18,1,0
BRDA:189,19,0,0
BRDA:189,19,1,0
BRDA:201,20,0,0
BRDA:201,20,1,0
BRDA:212,21,0,0
BRDA:212,21,1,0
BRDA:222,22,0,0
BRDA:222,22,1,0
BRDA:231,23,0,0
BRDA:231,23,1,0
BRDA:235,24,0,0
BRDA:235,24,1,0
BRDA:237,25,0,0
BRDA:237,25,1,0
BRDA:246,26,0,0
BRDA:246,26,1,0
BRDA:250,27,0,0
BRDA:250,27,1,0
BRDA:252,28,0,0
BRDA:252,28,1,0
BRDA:261,29,0,0
BRDA:261,29,1,0
BRDA:265,30,0,0
BRDA:265,30,1,0
BRDA:267,31,0,0
BRDA:267,31,1,0
BRDA:277,32,0,0
BRDA:277,32,1,0
BRDA:287,33,0,0
BRDA:287,33,1,0
BRDA:299,34,0,0
BRDA:299,34,1,0
BRDA:310,35,0,0
BRDA:310,35,1,0
BRDA:332,36,0,0
BRDA:332,36,1,0
BRDA:380,37,0,0
BRDA:380,37,1,0
BRDA:382,38,0,0
BRDA:382,38,1,0
BRDA:394,39,0,0
BRDA:394,39,1,0
BRDA:396,40,0,0
BRDA:396,40,1,0
BRDA:408,41,0,0
BRDA:408,41,1,0
BRDA:410,42,0,0
BRDA:410,42,1,0
BRDA:423,43,0,0
BRDA:423,43,1,0
BRDA:425,44,0,0
BRDA:425,44,1,0
BRDA:439,45,0,0
BRDA:439,45,1,0
BRDA:441,46,0,0
BRDA:441,46,1,0
BRDA:455,47,0,0
BRDA:455,47,1,0
BRDA:457,48,0,0
BRDA:457,48,1,0
BRDA:471,49,0,0
BRDA:471,49,1,0
BRDA:473,50,0,0
BRDA:473,50,1,0
BRDA:485,51,0,0
BRDA:485,51,1,0
BRDA:487,52,0,0
BRDA:487,52,1,0
BRDA:501,53,0,0
BRDA:501,53,1,0
BRDA:503,54,0,0
BRDA:503,54,1,0
BRDA:515,55,0,0
BRDA:515,55,1,0
BRDA:517,56,0,0
BRDA:517,56,1,0
BRDA:530,57,0,0
BRDA:530,57,1,0
BRDA:532,58,0,0
BRDA:532,58,1,0
BRF:118
BRH:0
end_of_record
TN:
SF:src/pages/PacienteAdd_mantenimiento/index.js
FNF:0
FNH:0
LF:0
LH:0
BRF:0
BRH:0
end_of_record
TN:
SF:src/pages/PacienteUpdate_mantenimiento/PacienteUpdate_mantenimiento.jsx
FN:8,(anonymous_0)
FN:15,(anonymous_1)
FN:29,(anonymous_2)
FN:41,(anonymous_3)
FN:52,(anonymous_4)
FN:56,(anonymous_5)
FN:93,(anonymous_6)
FN:103,(anonymous_7)
FN:140,(anonymous_8)
FN:150,(anonymous_9)
FN:185,(anonymous_10)
FN:195,(anonymous_11)
FN:231,(anonymous_12)
FN:241,(anonymous_13)
FN:258,(anonymous_14)
FN:279,(anonymous_15)
FN:289,(anonymous_16)
FN:306,(anonymous_17)
FN:329,(anonymous_18)
FN:339,(anonymous_19)
FN:356,(anonymous_20)
FN:377,(anonymous_21)
FN:387,(anonymous_22)
FN:422,(anonymous_23)
FN:432,(anonymous_24)
FN:467,(anonymous_25)
FN:477,(anonymous_26)
FN:514,(anonymous_27)
FN:524,(anonymous_28)
FNF:29
FNH:0
FNDA:0,(anonymous_0)
FNDA:0,(anonymous_1)
FNDA:0,(anonymous_2)
FNDA:0,(anonymous_3)
FNDA:0,(anonymous_4)
FNDA:0,(anonymous_5)
FNDA:0,(anonymous_6)
FNDA:0,(anonymous_7)
FNDA:0,(anonymous_8)
FNDA:0,(anonymous_9)
FNDA:0,(anonymous_10)
FNDA:0,(anonymous_11)
FNDA:0,(anonymous_12)
FNDA:0,(anonymous_13)
FNDA:0,(anonymous_14)
FNDA:0,(anonymous_15)
FNDA:0,(anonymous_16)
FNDA:0,(anonymous_17)
FNDA:0,(anonymous_18)
FNDA:0,(anonymous_19)
FNDA:0,(anonymous_20)
FNDA:0,(anonymous_21)
FNDA:0,(anonymous_22)
FNDA:0,(anonymous_23)
FNDA:0,(anonymous_24)
FNDA:0,(anonymous_25)
FNDA:0,(anonymous_26)
FNDA:0,(anonymous_27)
FNDA:0,(anonymous_28)
DA:8,1
DA:9,0
DA:10,0
DA:11,0
DA:12,0
DA:13,0
DA:15,0
DA:16,0
DA:17,0
DA:20,0
DA:21,0
DA:22,0
DA:23,0
DA:25,0
DA:29,0
DA:30,0
DA:31,0
DA:34,0
DA:35,0
DA:37,0
DA:41,0
DA:42,0
DA:43,0
DA:46,0
DA:48,0
DA:52,0
DA:53,0
DA:56,0
DA:57,0
DA:59,0
DA:65,0
DA:66,0
DA:70,0
DA:77,0
DA:78,0
DA:81,0
DA:87,0
DA:89,0
DA:93,0
DA:94,0
DA:95,0
DA:96,0
DA:97,0
DA:99,0
DA:103,0
DA:104,0
DA:106,0
DA:112,0
DA:113,0
DA:117,0
DA:124,0
DA:125,0
DA:128,0
DA:134,0
DA:136,0
DA:140,0
DA:141,0
DA:142,0
DA:143,0
DA:144,0
DA:146,0
DA:150,0
DA:151,0
DA:153,0
DA:159,0
DA:160,0
DA:164,0
DA:169,0
DA:170,0
DA:173,0
DA:179,0
DA:181,0
DA:185,0
DA:186,0
DA:187,0
DA:188,0
DA:189,0
DA:191,0
DA:195,0
DA:196,0
DA:198,0
DA:204,0
DA:205,0
DA:209,0
DA:215,0
DA:216,0
DA:219,0
DA:225,0
DA:227,0
DA:231,0
DA:232,0
DA:233,0
DA:234,0
DA:235,0
DA:237,0
DA:241,0
DA:242,0
DA:244,0
DA:250,0
DA:251,0
DA:255,0
DA:259,0
DA:263,0
DA:264,0
DA:267,0
DA:273,0
DA:275,0
DA:279,0
DA:280,0
DA:281,0
DA:282,0
DA:283,0
DA:285,0
DA:289,0
DA:290,0
DA:292,0
DA:298,0
DA:299,0
DA:303,0
DA:307,0
DA:311,0
DA:312,0
DA:317,0
DA:323,0
DA:325,0
DA:329,0
DA:330,0
DA:331,0
DA:332,0
DA:333,0
DA:335,0
DA:339,0
DA:340,0
DA:342,0
DA:348,0
DA:349,0
DA:353,0
DA:357,0
DA:361,0
DA:362,0
DA:365,0
DA:371,0
DA:373,0
DA:377,0
DA:378,0
DA:379,0
DA:380,0
DA:381,0
DA:383,0
DA:387,0
DA:388,0
DA:390,0
DA:396,0
DA:397,0
DA:401,0
DA:406,0
DA:407,0
DA:410,0
DA:416,0
DA:418,0
DA:422,0
DA:423,0
DA:424,0
DA:425,0
DA:426,0
DA:428,0
DA:432,0
DA:433,0
DA:435,0
DA:441,0
DA:442,0
DA:446,0
DA:451,0
DA:452,0
DA:455,0
DA:461,0
DA:463,0
DA:467,0
DA:468,0
DA:469,0
DA:470,0
DA:471,0
DA:473,0
DA:477,0
DA:478,0
DA:480,0
DA:486,0
DA:487,0
DA:491,0
DA:498,0
DA:499,0
DA:502,0
DA:508,0
DA:510,0
DA:514,0
DA:515,0
DA:516,0
DA:517,0
DA:518,0
DA:520,0
DA:524,0
DA:525,0
DA:528,0
DA:529,0
DA:532,0
LF:205
LH:1
BRDA:20,0,0,0
BRDA:20,0,1,0
BRDA:22,1,0,0
BRDA:22,1,1,0
BRDA:34,2,0,0
BRDA:34,2,1,0
BRDA:48,3,0,0
BRDA:48,3,1,0
BRDA:65,4,0,0
BRDA:65,4,1,0
BRDA:77,5,0,0
BRDA:77,5,1,0
BRDA:89,6,0,0
BRDA:89,6,1,0
BRDA:112,7,0,0
BRDA:112,7,1,0
BRDA:124,8,0,0
BRDA:124,8,1,0
BRDA:136,9,0,0
BRDA:136,9,1,0
BRDA:159,10,0,0
BRDA:159,10,1,0
BRDA:169,11,0,0
BRDA:169,11,1,0
BRDA:181,12,0,0
BRDA:181,12,1,0
BRDA:204,13,0,0
BRDA:204,13,1,0
BRDA:215,14,0,0
BRDA:215,14,1,0
BRDA:227,15,0,0
BRDA:227,15,1,0
BRDA:250,16,0,0
BRDA:250,16,1,0
BRDA:259,17,0,0
BRDA:259,17,1,0
BRDA:263,18,0,0
BRDA:263,18,1,0
BRDA:264,19,0,0
BRDA:264,19,1,0
BRDA:275,20,0,0
BRDA:275,20,1,0
BRDA:298,21,0,0
BRDA:298,21,1,0
BRDA:307,22,0,0
BRDA:307,22,1,0
BRDA:311,23,0,0
BRDA:311,23,1,0
BRDA:313,24,0,0
BRDA:313,24,1,0
BRDA:325,25,0,0
BRDA:325,25,1,0
BRDA:348,26,0,0
BRDA:348,26,1,0
BRDA:357,27,0,0
BRDA:357,27,1,0
BRDA:361,28,0,0
BRDA:361,28,1,0
BRDA:362,29,0,0
BRDA:362,29,1,0
BRDA:373,30,0,0
BRDA:373,30,1,0
BRDA:396,31,0,0
BRDA:396,31,1,0
BRDA:406,32,0,0
BRDA:406,32,1,0
BRDA:418,33,0,0
BRDA:418,33,1,0
BRDA:441,34,0,0
BRDA:441,34,1,0
BRDA:451,35,0,0
BRDA:451,35,1,0
BRDA:463,36,0,0
BRDA:463,36,1,0
BRDA:486,37,0,0
BRDA:486,37,1,0
BRDA:498,38,0,0
BRDA:498,38,1,0
BRDA:510,39,0,0
BRDA:510,39,1,0
BRDA:528,40,0,0
BRDA:528,40,1,0
BRDA:543,41,0,0
BRDA:543,41,1,0
BRDA:545,42,0,0
BRDA:545,42,1,0
BRDA:558,43,0,0
BRDA:558,43,1,0
BRDA:560,44,0,0
BRDA:560,44,1,0
BRDA:576,45,0,0
BRDA:576,45,1,0
BRDA:578,46,0,0
BRDA:578,46,1,0
BRDA:594,47,0,0
BRDA:594,47,1,0
BRDA:596,48,0,0
BRDA:596,48,1,0
BRDA:613,49,0,0
BRDA:613,49,1,0
BRDA:615,50,0,0
BRDA:615,50,1,0
BRDA:633,51,0,0
BRDA:633,51,1,0
BRDA:635,52,0,0
BRDA:635,52,1,0
BRDA:653,53,0,0
BRDA:653,53,1,0
BRDA:655,54,0,0
BRDA:655,54,1,0
BRDA:673,55,0,0
BRDA:673,55,1,0
BRDA:675,56,0,0
BRDA:675,56,1,0
BRDA:691,57,0,0
BRDA:691,57,1,0
BRDA:693,58,0,0
BRDA:693,58,1,0
BRDA:709,59,0,0
BRDA:709,59,1,0
BRDA:711,60,0,0
BRDA:711,60,1,0
BRDA:727,61,0,0
BRDA:727,61,1,0
BRDA:729,62,0,0
BRDA:729,62,1,0
BRF:126
BRH:0
end_of_record
TN:
SF:src/pages/PacienteUpdate_mantenimiento/index.js
FNF:0
FNH:0
LF:0
LH:0
BRF:0
BRH:0
end_of_record
TN:
SF:src/pages/Reportes/Reportes.jsx
FN:12,(anonymous_0)
FN:19,(anonymous_1)
FN:28,(anonymous_2)
FN:32,(anonymous_3)
FN:41,(anonymous_4)
FN:45,(anonymous_5)
FN:54,(anonymous_6)
FN:58,(anonymous_7)
FN:67,(anonymous_8)
FN:71,(anonymous_9)
FNF:10
FNH:0
FNDA:0,(anonymous_0)
FNDA:0,(anonymous_1)
FNDA:0,(anonymous_2)
FNDA:0,(anonymous_3)
FNDA:0,(anonymous_4)
FNDA:0,(anonymous_5)
FNDA:0,(anonymous_6)
FNDA:0,(anonymous_7)
FNDA:0,(anonymous_8)
FNDA:0,(anonymous_9)
DA:12,1
DA:13,0
DA:14,0
DA:15,0
DA:16,0
DA:17,0
DA:19,0
DA:20,0
DA:21,0
DA:22,0
DA:24,0
DA:28,0
DA:29,0
DA:32,0
DA:33,0
DA:34,0
DA:35,0
DA:37,0
DA:41,0
DA:42,0
DA:45,0
DA:46,0
DA:47,0
DA:48,0
DA:50,0
DA:54,0
DA:55,0
DA:58,0
DA:59,0
DA:60,0
DA:61,0
DA:63,0
DA:67,0
DA:68,0
DA:71,0
DA:72,0
DA:73,0
DA:74,0
DA:75,0
DA:76,0
DA:79,0
LF:41
LH:1
BRDA:84,0,0,0
BRDA:84,0,1,0
BRDA:88,1,0,0
BRDA:88,1,1,0
BRDA:92,2,0,0
BRDA:92,2,1,0
BRDA:96,3,0,0
BRDA:96,3,1,0
BRF:8
BRH:0
end_of_record
TN:
SF:src/pages/Reportes/index.js
FNF:0
FNH:0
LF:0
LH:0
BRF:0
BRH:0
end_of_record
TN:
SF:src/pages/SignIn/SignIn.jsx
FN:7,(anonymous_0)
FN:14,(anonymous_1)
FN:19,(anonymous_2)
FN:24,(anonymous_3)
FN:29,(anonymous_4)
FN:33,(anonymous_5)
FN:43,(anonymous_6)
FN:52,(anonymous_7)
FNF:8
FNH:0
FNDA:0,(anonymous_0)
FNDA:0,(anonymous_1)
FNDA:0,(anonymous_2)
FNDA:0,(anonymous_3)
FNDA:0,(anonymous_4)
FNDA:0,(anonymous_5)
FNDA:0,(anonymous_6)
FNDA:0,(anonymous_7)
DA:7,1
DA:8,0
DA:9,0
DA:10,0
DA:12,0
DA:14,0
DA:16,0
DA:19,0
DA:21,0
DA:24,0
DA:26,0
DA:29,0
DA:30,0
DA:31,0
DA:32,0
DA:33,0
DA:34,0
DA:35,0
DA:37,0
DA:39,0
DA:43,0
DA:44,0
DA:45,0
DA:46,0
DA:48,0
DA:52,0
DA:53,0
DA:54,0
DA:55,0
DA:58,0
LF:30
LH:1
BRF:0
BRH:0
end_of_record
TN:
SF:src/pages/SignIn/index.js
FNF:0
FNH:0
LF:0
LH:0
BRF:0
BRH:0
end_of_record
TN:
SF:src/pages/UsuarioAdd_mantenimiento/UsuarioAdd_mantenimiento.jsx
FN:12,(anonymous_0)
FN:22,(anonymous_1)
FN:36,(anonymous_2)
FN:48,(anonymous_3)
FN:62,(anonymous_4)
FN:79,(anonymous_5)
FN:105,(anonymous_6)
FN:131,(anonymous_7)
FNF:8
FNH:0
FNDA:0,(anonymous_0)
FNDA:0,(anonymous_1)
FNDA:0,(anonymous_2)
FNDA:0,(anonymous_3)
FNDA:0,(anonymous_4)
FNDA:0,(anonymous_5)
FNDA:0,(anonymous_6)
FNDA:0,(anonymous_7)
DA:12,1
DA:13,0
DA:14,0
DA:15,0
DA:18,0
DA:19,0
DA:20,0
DA:22,0
DA:23,0
DA:24,0
DA:27,0
DA:28,0
DA:29,0
DA:30,0
DA:32,0
DA:36,0
DA:37,0
DA:38,0
DA:41,0
DA:42,0
DA:44,0
DA:48,0
DA:49,0
DA:50,0
DA:53,0
DA:54,0
DA:55,0
DA:56,0
DA:58,0
DA:62,0
DA:63,0
DA:65,0
DA:71,0
DA:72,0
DA:76,0
DA:80,0
DA:84,0
DA:85,0
DA:91,0
DA:97,0
DA:98,0
DA:102,0
DA:106,0
DA:110,0
DA:111,0
DA:116,0
DA:125,0
DA:127,0
DA:131,0
DA:132,0
DA:133,0
DA:134,0
DA:137,0
DA:138,0
DA:139,0
DA:142,0
DA:143,0
DA:144,0
DA:146,0
DA:150,0
DA:210,1
DA:214,1
LF:62
LH:3
BRDA:27,0,0,0
BRDA:27,0,1,0
BRDA:29,1,0,0
BRDA:29,1,1,0
BRDA:41,2,0,0
BRDA:41,2,1,0
BRDA:41,3,0,0
BRDA:41,3,1,0
BRDA:53,4,0,0
BRDA:53,4,1,0
BRDA:55,5,0,0
BRDA:55,5,1,0
BRDA:71,6,0,0
BRDA:71,6,1,0
BRDA:84,7,0,0
BRDA:84,7,1,0
BRDA:86,8,0,0
BRDA:86,8,1,0
BRDA:97,9,0,0
BRDA:97,9,1,0
BRDA:106,10,0,0
BRDA:106,10,1,0
BRDA:110,11,0,0
BRDA:110,11,1,0
BRDA:112,12,0,0
BRDA:112,12,1,0
BRDA:127,13,0,0
BRDA:127,13,1,0
BRDA:159,14,0,0
BRDA:159,14,1,0
BRDA:161,15,0,0
BRDA:161,15,1,0
BRDA:173,16,0,0
BRDA:173,16,1,0
BRDA:175,17,0,0
BRDA:175,17,1,0
BRDA:190,18,0,0
BRDA:190,18,1,0
BRDA:192,19,0,0
BRDA:192,19,1,0
BRF:40
BRH:0
end_of_record
TN:
SF:src/pages/UsuarioAdd_mantenimiento/index.js
FNF:0
FNH:0
LF:0
LH:0
BRF:0
BRH:0
end_of_record
TN:
SF:src/pages/UsuarioUpdate_mantenimiento/UsuarioUpdate_mantenimiento.jsx
FN:11,(anonymous_0)
FN:20,(anonymous_1)
FN:34,(anonymous_2)
FN:46,(anonymous_3)
FN:64,(anonymous_4)
FN:68,(anonymous_5)
FN:101,(anonymous_6)
FN:111,(anonymous_7)
FN:128,(anonymous_8)
FN:144,(anonymous_9)
FN:154,(anonymous_10)
FN:187,(anonymous_11)
FN:197,(anonymous_12)
FNF:13
FNH:0
FNDA:0,(anonymous_0)
FNDA:0,(anonymous_1)
FNDA:0,(anonymous_2)
FNDA:0,(anonymous_3)
FNDA:0,(anonymous_4)
FNDA:0,(anonymous_5)
FNDA:0,(anonymous_6)
FNDA:0,(anonymous_7)
FNDA:0,(anonymous_8)
FNDA:0,(anonymous_9)
FNDA:0,(anonymous_10)
FNDA:0,(anonymous_11)
FNDA:0,(anonymous_12)
DA:11,1
DA:12,0
DA:13,0
DA:14,0
DA:17,0
DA:18,0
DA:20,0
DA:21,0
DA:22,0
DA:25,0
DA:26,0
DA:27,0
DA:28,0
DA:30,0
DA:34,0
DA:35,0
DA:36,0
DA:39,0
DA:40,0
DA:42,0
DA:46,0
DA:47,0
DA:48,0
DA:53,0
DA:54,0
DA:57,0
DA:58,0
DA:60,0
DA:64,0
DA:65,0
DA:68,0
DA:69,0
DA:71,0
DA:77,0
DA:78,0
DA:82,0
DA:88,0
DA:89,0
DA:92,0
DA:95,0
DA:97,0
DA:101,0
DA:102,0
DA:103,0
DA:104,0
DA:105,0
DA:107,0
DA:111,0
DA:112,0
DA:114,0
DA:120,0
DA:121,0
DA:125,0
DA:128,0
DA:131,0
DA:132,0
DA:135,0
DA:138,0
DA:140,0
DA:144,0
DA:145,0
DA:146,0
DA:147,0
DA:148,0
DA:150,0
DA:154,0
DA:155,0
DA:157,0
DA:163,0
DA:164,0
DA:168,0
DA:174,0
DA:175,0
DA:178,0
DA:181,0
DA:183,0
DA:187,0
DA:188,0
DA:189,0
DA:190,0
DA:191,0
DA:193,0
DA:197,0
DA:198,0
DA:201,0
DA:202,0
DA:205,0
DA:289,1
DA:293,1
LF:89
LH:3
BRDA:25,0,0,0
BRDA:25,0,1,0
BRDA:27,1,0,0
BRDA:27,1,1,0
BRDA:39,2,0,0
BRDA:39,2,1,0
BRDA:53,3,0,0
BRDA:53,3,1,0
BRDA:60,4,0,0
BRDA:60,4,1,0
BRDA:77,5,0,0
BRDA:77,5,1,0
BRDA:88,6,0,0
BRDA:88,6,1,0
BRDA:97,7,0,0
BRDA:97,7,1,0
BRDA:120,8,0,0
BRDA:120,8,1,0
BRDA:131,9,0,0
BRDA:131,9,1,0
BRDA:132,10,0,0
BRDA:132,10,1,0
BRDA:140,11,0,0
BRDA:140,11,1,0
BRDA:163,12,0,0
BRDA:163,12,1,0
BRDA:174,13,0,0
BRDA:174,13,1,0
BRDA:183,14,0,0
BRDA:183,14,1,0
BRDA:201,15,0,0
BRDA:201,15,1,0
BRDA:217,16,0,0
BRDA:217,16,1,0
BRDA:219,17,0,0
BRDA:219,17,1,0
BRDA:227,18,0,0
BRDA:227,18,1,0
BRDA:229,19,0,0
BRDA:229,19,1,0
BRDA:241,20,0,0
BRDA:241,20,1,0
BRDA:243,21,0,0
BRDA:243,21,1,0
BRDA:251,22,0,0
BRDA:251,22,1,0
BRDA:253,23,0,0
BRDA:253,23,1,0
BRDA:265,24,0,0
BRDA:265,24,1,0
BRDA:267,25,0,0
BRDA:267,25,1,0
BRDA:276,26,0,0
BRDA:276,26,1,0
BRDA:278,27,0,0
BRDA:278,27,1,0
BRF:56
BRH:0
end_of_record
TN:
SF:src/pages/UsuarioUpdate_mantenimiento/index.js
FNF:0
FNH:0
LF:0
LH:0
BRF:0
BRH:0
end_of_record
TN:
SF:src/pages/Welcome/Welcome.jsx
FN:11,(anonymous_0)
FNF:1
FNH:0
FNDA:0,(anonymous_0)
DA:11,1
DA:12,0
LF:2
LH:1
BRF:0
BRH:0
end_of_record
TN:
SF:src/pages/Welcome/index.js
FNF:0
FNH:0
LF:0
LH:0
BRF:0
BRH:0
end_of_record
TN:
SF:src/routes/protectedRoute.jsx
FN:6,(anonymous_0)
FNF:1
FNH:0
FNDA:0,(anonymous_0)
DA:6,1
DA:7,0
DA:9,0
DA:10,0
DA:13,0
DA:14,0
DA:17,0
DA:20,1
LF:8
LH:2
BRDA:9,0,0,0
BRDA:9,0,1,0
BRDA:13,1,0,0
BRDA:13,1,1,0
BRF:4
BRH:0
end_of_record
TN:
SF:src/utils/sanitizer.js
FN:8,(anonymous_0)
FN:25,(anonymous_1)
FN:42,(anonymous_2)
FN:58,(anonymous_3)
FN:75,(anonymous_4)
FN:88,(anonymous_5)
FN:99,(anonymous_6)
FN:110,(anonymous_7)
FN:122,(anonymous_8)
FN:132,(anonymous_9)
FN:143,(anonymous_10)
FN:160,(anonymous_11)
FN:171,(anonymous_12)
FN:188,(anonymous_13)
FNF:14
FNH:1
FNDA:4,(anonymous_0)
FNDA:0,(anonymous_1)
FNDA:0,(anonymous_2)
FNDA:0,(anonymous_3)
FNDA:0,(anonymous_4)
FNDA:0,(anonymous_5)
FNDA:0,(anonymous_6)
FNDA:0,(anonymous_7)
FNDA:0,(anonymous_8)
FNDA:0,(anonymous_9)
FNDA:0,(anonymous_10)
FNDA:0,(anonymous_11)
FNDA:0,(anonymous_12)
FNDA:0,(anonymous_13)
DA:8,2
DA:9,4
DA:10,0
DA:13,4
DA:25,2
DA:26,0
DA:27,0
DA:30,0
DA:42,2
DA:43,0
DA:44,0
DA:47,0
DA:48,0
DA:49,0
DA:58,2
DA:59,0
DA:60,0
DA:63,0
DA:64,0
DA:67,0
DA:75,2
DA:76,0
DA:79,0
DA:80,0
DA:88,2
DA:89,0
DA:90,0
DA:91,0
DA:99,2
DA:100,0
DA:101,0
DA:102,0
DA:110,2
DA:111,0
DA:112,0
DA:113,0
DA:122,2
DA:123,0
DA:124,0
DA:132,2
DA:133,0
DA:143,2
DA:144,0
DA:147,0
DA:160,0
DA:161,0
DA:171,2
DA:172,0
DA:174,0
DA:176,0
DA:179,0
DA:188,2
DA:196,0
DA:199,0
DA:200,0
DA:208,0
DA:209,0
DA:217,0
DA:218,0
DA:226,0
DA:227,0
DA:235,0
DA:236,0
DA:244,0
DA:245,0
DA:252,0
DA:253,0
DA:260,0
DA:261,0
DA:268,0
DA:269,0
DA:277,0
DA:278,0
DA:286,0
DA:288,0
LF:75
LH:15
BRDA:9,0,0,0
BRDA:9,0,1,4
BRDA:26,1,0,0
BRDA:26,1,1,0
BRDA:43,2,0,0
BRDA:43,2,1,0
BRDA:58,3,0,0
BRDA:59,4,0,0
BRDA:59,4,1,0
BRDA:59,5,0,0
BRDA:59,5,1,0
BRDA:63,6,0,0
BRDA:63,6,1,0
BRDA:76,7,0,0
BRDA:76,7,1,0
BRDA:89,8,0,0
BRDA:89,8,1,0
BRDA:100,9,0,0
BRDA:100,9,1,0
BRDA:111,10,0,0
BRDA:111,10,1,0
BRDA:122,11,0,0
BRDA:123,12,0,0
BRDA:123,12,1,0
BRDA:134,13,0,0
BRDA:134,13,1,0
BRDA:134,13,2,0
BRDA:144,14,0,0
BRDA:144,14,1,0
BRDA:171,15,0,0
BRDA:172,16,0,0
BRDA:172,16,1,0
BRDA:174,17,0,0
BRDA:174,17,1,0
BRDA:188,18,0,0
BRDA:190,19,0,0
BRDA:191,20,0,0
BRDA:192,21,0,0
BRDA:193,22,0,0
BRDA:194,23,0,0
BRDA:195,24,0,0
BRDA:199,25,0,0
BRDA:199,25,1,0
BRDA:199,26,0,0
BRDA:199,26,1,0
BRDA:208,27,0,0
BRDA:208,27,1,0
BRDA:217,28,0,0
BRDA:217,28,1,0
BRDA:226,29,0,0
BRDA:226,29,1,0
BRDA:226,30,0,0
BRDA:226,30,1,0
BRDA:235,31,0,0
BRDA:235,31,1,0
BRDA:235,32,0,0
BRDA:235,32,1,0
BRDA:244,33,0,0
BRDA:244,33,1,0
BRDA:244,34,0,0
BRDA:244,34,1,0
BRDA:252,35,0,0
BRDA:252,35,1,0
BRDA:252,36,0,0
BRDA:252,36,1,0
BRDA:260,37,0,0
BRDA:260,37,1,0
BRDA:260,38,0,0
BRDA:260,38,1,0
BRDA:268,39,0,0
BRDA:268,39,1,0
BRDA:268,40,0,0
BRDA:268,40,1,0
BRDA:277,41,0,0
BRDA:277,41,1,0
BRDA:277,42,0,0
BRDA:277,42,1,0
BRF:77
BRH:1
end_of_record
